nohup: ignoring input
======================================================================
PointNet++ Affordance Training v5 — Multi-Task
======================================================================
  ⭐ Multi-Task: 接触分割 + 受力中心回归
  Device:      cuda
  GPU:         NVIDIA GeForce RTX 4080 SUPER
  Epochs:      200
  Batch size:  16
  LR:          0.001
  FC λ:        10.0
  Dataset:     /home/lyh/Project/Affordance2Grasp/output/dataset
  Checkpoints: /home/lyh/Project/Affordance2Grasp/output/checkpoints_v5

--- Object-level Split ---
  Train objects (47): ['A02012', 'A02014', 'A02015', 'A02018', 'A02028', 'A02029', 'A02030', 'A02031']...
  Val objects   (11):   ['A02011', 'A02021', 'A15027', 'A16012', 'O03001', 'S10007', 'S10010', 'S10017', 'S10019', 'S10021', 'S15004']
  ✅ Zero overlap between train/val objects

  Loading train data...
    Loaded 2430 samples (47 objects), force_centers: 2430/2430 valid
  Loading val data (from val.h5)...
    Loaded 146 samples (11 objects), force_centers: 146/146 valid
  Loading val data (from train.h5)...
    Loaded 586 samples (11 objects), force_centers: 586/586 valid
  Loading extra train data (from val.h5)...
    Loaded 609 samples (47 objects), force_centers: 609/609 valid

  Summary:
    Train: 3039 samples, 47 objects, contact=14.4%, fc=3039
    Val:   732 samples, 11 objects, contact=14.1%, fc=732

  Model params:  976,453
  Seg Loss: Focal(α=0.75,γ=2) + Tversky(α=0.3,β=0.7)
  FC Loss:  MSE × λ=10.0

================================================================================
  Ep |     Loss |      Seg |       FC |     F1 |      P |      R |  FC mm |       LR
--------------------------------------------------------------------------------
   1 |   0.4843 |   0.3197 |  0.01645 | 26.7% | 15.9% | 86.5% |  46.2 | 0.000999  (12s)
        ★ New best! F1=26.7% FC=46.2mm
   2 |   0.3247 |   0.3136 |  0.00112 | 29.1% | 17.5% | 88.9% |  44.8 | 0.000996  (12s)
        ★ New best! F1=29.1% FC=44.8mm
   3 |   0.3205 |   0.3102 |  0.00103 | 31.0% | 18.8% | 89.1% |  44.8 | 0.000991  (12s)
        ★ New best! F1=31.0% FC=44.8mm
   4 |   0.3184 |   0.3080 |  0.00104 | 32.0% | 22.4% | 57.0% |  43.9 | 0.000984  (12s)
        ★ New best! F1=32.0% FC=43.9mm
   5 |   0.3162 |   0.3065 |  0.00097 | 30.8% | 18.7% | 87.6% |  38.7 | 0.000976  (12s)
   6 |   0.3154 |   0.3057 |  0.00098 | 30.7% | 18.9% | 84.2% |  46.8 | 0.000965  (12s)
   7 |   0.3144 |   0.3053 |  0.00091 | 32.1% | 20.2% | 79.6% |  38.3 | 0.000953  (12s)
        ★ New best! F1=32.1% FC=38.3mm
   8 |   0.3131 |   0.3043 |  0.00088 | 31.9% | 20.7% | 70.5% |  43.3 | 0.000939  (12s)
   9 |   0.3129 |   0.3038 |  0.00090 | 32.5% | 20.4% | 81.1% |  44.4 | 0.000923  (12s)
        ★ New best! F1=32.5% FC=44.4mm
  10 |   0.3117 |   0.3029 |  0.00088 | 32.1% | 20.5% | 75.6% |  40.3 | 0.000905  (12s)
  11 |   0.3103 |   0.3022 |  0.00081 | 32.4% | 22.5% | 58.7% |  43.7 | 0.000886  (12s)
  12 |   0.3095 |   0.3013 |  0.00081 | 33.0% | 21.4% | 74.1% |  47.1 | 0.000866  (12s)
        ★ New best! F1=33.0% FC=47.1mm
  13 |   0.3098 |   0.3016 |  0.00082 | 34.0% | 22.7% | 68.6% |  39.4 | 0.000844  (12s)
        ★ New best! F1=34.0% FC=39.4mm
  14 |   0.3086 |   0.3008 |  0.00078 | 32.9% | 21.7% | 69.1% |  39.9 | 0.000821  (12s)
  15 |   0.3079 |   0.3001 |  0.00079 | 32.9% | 22.0% | 66.1% |  41.9 | 0.000796  (12s)
  16 |   0.3058 |   0.2982 |  0.00077 | 32.3% | 20.8% | 73.7% |  40.0 | 0.000770  (12s)
  17 |   0.3071 |   0.2994 |  0.00077 | 33.0% | 21.6% | 71.1% |  42.7 | 0.000743  (12s)
  18 |   0.3061 |   0.2982 |  0.00079 | 32.3% | 21.7% | 64.6% |  40.1 | 0.000716  (12s)
  19 |   0.3052 |   0.2979 |  0.00073 | 32.9% | 21.2% | 75.1% |  40.1 | 0.000687  (12s)
  20 |   0.3050 |   0.2975 |  0.00075 | 33.0% | 21.3% | 74.9% |  41.5 | 0.000658  (12s)
  21 |   0.3040 |   0.2969 |  0.00071 | 34.2% | 22.4% | 73.8% |  43.3 | 0.000628  (12s)
        ★ New best! F1=34.2% FC=43.3mm
  22 |   0.3033 |   0.2960 |  0.00073 | 31.8% | 20.0% | 80.2% |  43.1 | 0.000598  (12s)
  23 |   0.3025 |   0.2957 |  0.00068 | 31.6% | 20.4% | 71.0% |  38.3 | 0.000567  (12s)
  24 |   0.3020 |   0.2954 |  0.00066 | 32.3% | 20.9% | 72.4% |  41.2 | 0.000536  (12s)
  25 |   0.3011 |   0.2945 |  0.00067 | 33.6% | 22.8% | 66.0% |  45.6 | 0.000505  (12s)
  26 |   0.3001 |   0.2935 |  0.00066 | 32.3% | 21.0% | 71.0% |  38.3 | 0.000474  (12s)
  27 |   0.3004 |   0.2938 |  0.00067 | 33.6% | 22.2% | 71.1% |  39.6 | 0.000443  (12s)
  28 |   0.2989 |   0.2925 |  0.00065 | 32.8% | 21.5% | 71.1% |  41.5 | 0.000412  (12s)
  29 |   0.2986 |   0.2922 |  0.00063 | 33.3% | 21.9% | 71.2% |  38.9 | 0.000382  (12s)
  30 |   0.2978 |   0.2915 |  0.00063 | 34.0% | 23.2% | 64.8% |  38.8 | 0.000352  (12s)
  31 |   0.2972 |   0.2909 |  0.00063 | 33.6% | 22.4% | 69.0% |  37.8 | 0.000323  (12s)
  32 |   0.2977 |   0.2917 |  0.00060 | 33.6% | 21.9% | 74.8% |  39.6 | 0.000294  (12s)
  33 |   0.2963 |   0.2903 |  0.00060 | 33.9% | 23.0% | 65.9% |  37.7 | 0.000267  (12s)
  34 |   0.2959 |   0.2901 |  0.00058 | 33.9% | 22.2% | 73.7% |  38.4 | 0.000240  (12s)
  35 |   0.2955 |   0.2896 |  0.00058 | 33.9% | 22.7% | 68.7% |  38.2 | 0.000214  (12s)
  36 |   0.2946 |   0.2889 |  0.00056 | 33.1% | 21.2% | 78.1% |  39.5 | 0.000189  (12s)
  37 |   0.2940 |   0.2882 |  0.00058 | 33.6% | 21.9% | 73.5% |  37.8 | 0.000166  (12s)
  38 |   0.2940 |   0.2884 |  0.00056 | 33.4% | 21.7% | 74.5% |  38.2 | 0.000144  (12s)
  39 |   0.2934 |   0.2879 |  0.00055 | 33.5% | 21.8% | 74.0% |  38.7 | 0.000124  (12s)
  40 |   0.2930 |   0.2875 |  0.00055 | 34.1% | 22.4% | 72.9% |  39.1 | 0.000105  (12s)
  41 |   0.2931 |   0.2878 |  0.00054 | 33.9% | 22.2% | 73.5% |  38.6 | 0.000087  (12s)
  42 |   0.2928 |   0.2874 |  0.00053 | 33.6% | 22.0% | 72.5% |  37.8 | 0.000071  (12s)
  43 |   0.2916 |   0.2863 |  0.00053 | 33.7% | 22.2% | 71.9% |  38.2 | 0.000057  (12s)
  44 |   0.2917 |   0.2865 |  0.00052 | 33.8% | 22.2% | 73.0% |  38.1 | 0.000045  (12s)
  45 |   0.2922 |   0.2869 |  0.00053 | 33.9% | 22.1% | 74.3% |  37.8 | 0.000034  (12s)
  46 |   0.2915 |   0.2862 |  0.00053 | 34.2% | 22.4% | 73.4% |  37.7 | 0.000026  (12s)
  47 |   0.2920 |   0.2867 |  0.00053 | 33.7% | 22.0% | 74.1% |  37.4 | 0.000019  (12s)
  48 |   0.2904 |   0.2852 |  0.00052 | 33.9% | 22.2% | 74.1% |  37.4 | 0.000014  (12s)
  49 |   0.2907 |   0.2855 |  0.00052 | 34.3% | 22.7% | 72.4% |  37.7 | 0.000011  (12s)
        ★ New best! F1=34.3% FC=37.7mm
  50 |   0.2911 |   0.2859 |  0.00052 | 34.2% | 22.6% | 72.1% |  37.8 | 0.001000  (12s)
  51 |   0.3007 |   0.2929 |  0.00078 | 33.0% | 21.9% | 68.7% |  44.1 | 0.000999  (12s)
  52 |   0.3011 |   0.2931 |  0.00080 | 32.2% | 21.1% | 69.5% |  40.2 | 0.000996  (12s)
  53 |   0.3005 |   0.2929 |  0.00076 | 33.2% | 21.3% | 76.9% |  43.4 | 0.000991  (12s)
  54 |   0.2991 |   0.2918 |  0.00074 | 32.6% | 21.7% | 66.3% |  39.2 | 0.000984  (12s)
  55 |   0.2995 |   0.2923 |  0.00072 | 33.2% | 21.7% | 72.5% |  41.8 | 0.000976  (12s)
  56 |   0.2990 |   0.2917 |  0.00073 | 33.2% | 21.5% | 74.6% |  40.8 | 0.000965  (12s)
  57 |   0.2980 |   0.2911 |  0.00069 | 32.8% | 21.6% | 70.5% |  41.2 | 0.000953  (12s)
  58 |   0.2981 |   0.2910 |  0.00070 | 33.4% | 22.5% | 65.9% |  39.3 | 0.000939  (12s)
  59 |   0.2978 |   0.2910 |  0.00068 | 32.9% | 21.6% | 71.3% |  40.8 | 0.000923  (12s)
  60 |   0.2973 |   0.2905 |  0.00068 | 34.1% | 22.6% | 70.6% |  40.4 | 0.000905  (12s)
  61 |   0.2963 |   0.2896 |  0.00067 | 33.3% | 21.3% | 77.6% |  41.2 | 0.000886  (12s)
  62 |   0.2966 |   0.2901 |  0.00066 | 33.3% | 21.9% | 71.5% |  40.5 | 0.000866  (12s)
  63 |   0.2963 |   0.2897 |  0.00066 | 32.5% | 21.7% | 66.0% |  39.7 | 0.000844  (12s)
  64 |   0.2948 |   0.2885 |  0.00062 | 33.1% | 21.6% | 72.3% |  39.4 | 0.000821  (12s)
  65 |   0.2952 |   0.2886 |  0.00066 | 33.5% | 21.4% | 77.7% |  41.0 | 0.000796  (12s)
  66 |   0.2948 |   0.2882 |  0.00066 | 32.6% | 22.3% | 62.1% |  40.2 | 0.000770  (12s)
  67 |   0.2942 |   0.2879 |  0.00062 | 33.8% | 21.8% | 75.5% |  41.3 | 0.000743  (12s)
  68 |   0.2924 |   0.2862 |  0.00061 | 33.4% | 21.6% | 75.3% |  39.5 | 0.000716  (12s)
  69 |   0.2920 |   0.2858 |  0.00063 | 33.0% | 21.7% | 70.6% |  39.1 | 0.000687  (12s)
  70 |   0.2924 |   0.2862 |  0.00063 | 33.8% | 22.2% | 72.8% |  38.5 | 0.000658  (12s)
  71 |   0.2910 |   0.2848 |  0.00062 | 33.6% | 22.2% | 69.6% |  41.0 | 0.000628  (12s)
  72 |   0.2903 |   0.2843 |  0.00059 | 32.1% | 21.4% | 65.7% |  43.2 | 0.000598  (12s)
  73 |   0.2898 |   0.2838 |  0.00060 | 32.3% | 21.1% | 70.1% |  41.5 | 0.000567  (12s)
  74 |   0.2905 |   0.2843 |  0.00061 | 33.5% | 22.0% | 71.5% |  38.4 | 0.000536  (12s)
  75 |   0.2893 |   0.2836 |  0.00057 | 33.2% | 21.5% | 74.5% |  39.1 | 0.000505  (12s)
  76 |   0.2892 |   0.2833 |  0.00059 | 32.7% | 21.6% | 68.8% |  40.8 | 0.000474  (12s)
  77 |   0.2889 |   0.2832 |  0.00058 | 32.6% | 21.3% | 70.3% |  44.6 | 0.000443  (12s)
  78 |   0.2880 |   0.2822 |  0.00058 | 34.2% | 22.4% | 74.2% |  40.7 | 0.000412  (12s)
  79 |   0.2869 |   0.2813 |  0.00056 | 32.9% | 21.3% | 72.9% |  41.3 | 0.000382  (12s)
  80 |   0.2865 |   0.2809 |  0.00056 | 33.5% | 22.2% | 69.0% |  38.4 | 0.000352  (12s)
  81 |   0.2855 |   0.2801 |  0.00054 | 33.3% | 21.5% | 75.6% |  38.6 | 0.000323  (12s)
  82 |   0.2860 |   0.2806 |  0.00055 | 33.8% | 22.1% | 73.7% |  39.1 | 0.000294  (12s)
  83 |   0.2860 |   0.2805 |  0.00054 | 33.9% | 22.5% | 69.5% |  38.6 | 0.000267  (12s)
  84 |   0.2844 |   0.2791 |  0.00053 | 33.9% | 22.0% | 75.1% |  38.8 | 0.000240  (12s)
  85 |   0.2848 |   0.2794 |  0.00054 | 34.4% | 22.8% | 72.0% |  38.2 | 0.000214  (12s)
        ★ New best! F1=34.4% FC=38.2mm
  86 |   0.2844 |   0.2791 |  0.00053 | 34.5% | 22.8% | 72.9% |  38.1 | 0.000189  (12s)
        ★ New best! F1=34.5% FC=38.1mm
  87 |   0.2835 |   0.2783 |  0.00052 | 33.8% | 22.1% | 72.3% |  39.0 | 0.000166  (12s)
  88 |   0.2829 |   0.2778 |  0.00050 | 34.2% | 22.9% | 69.4% |  38.4 | 0.000144  (12s)
  89 |   0.2831 |   0.2779 |  0.00052 | 33.8% | 22.4% | 69.5% |  38.3 | 0.000124  (12s)
  90 |   0.2828 |   0.2778 |  0.00051 | 34.0% | 22.3% | 73.1% |  38.1 | 0.000105  (12s)
  91 |   0.2836 |   0.2784 |  0.00051 | 33.9% | 22.2% | 73.8% |  38.0 | 0.000087  (12s)
  92 |   0.2821 |   0.2772 |  0.00049 | 33.8% | 22.2% | 72.7% |  38.1 | 0.000071  (12s)
  93 |   0.2826 |   0.2776 |  0.00050 | 33.8% | 22.1% | 73.6% |  38.2 | 0.000057  (12s)
  94 |   0.2828 |   0.2777 |  0.00051 | 34.1% | 22.5% | 71.3% |  38.7 | 0.000045  (12s)
  95 |   0.2819 |   0.2770 |  0.00050 | 34.0% | 22.5% | 70.8% |  38.6 | 0.000034  (12s)
  96 |   0.2813 |   0.2764 |  0.00049 | 34.1% | 22.5% | 71.9% |  38.1 | 0.000026  (12s)
  97 |   0.2813 |   0.2764 |  0.00048 | 33.9% | 22.0% | 74.3% |  38.4 | 0.000019  (12s)
  98 |   0.2818 |   0.2768 |  0.00050 | 34.0% | 22.3% | 72.7% |  38.4 | 0.000014  (12s)
  99 |   0.2816 |   0.2767 |  0.00049 | 34.0% | 22.2% | 74.1% |  38.4 | 0.000011  (12s)
 100 |   0.2807 |   0.2759 |  0.00049 | 34.0% | 22.4% | 72.3% |  38.2 | 0.001000  (12s)
 101 |   0.2884 |   0.2816 |  0.00068 | 33.7% | 21.9% | 74.8% |  38.8 | 0.000999  (12s)
 102 |   0.2901 |   0.2831 |  0.00070 | 34.1% | 23.6% | 62.7% |  38.6 | 0.000996  (12s)
 103 |   0.2903 |   0.2836 |  0.00068 | 32.7% | 21.7% | 68.4% |  43.6 | 0.000991  (12s)
 104 |   0.2897 |   0.2832 |  0.00066 | 31.5% | 20.5% | 70.1% |  40.6 | 0.000984  (12s)
 105 |   0.2894 |   0.2829 |  0.00065 | 32.7% | 20.9% | 76.7% |  39.8 | 0.000976  (12s)
 106 |   0.2890 |   0.2828 |  0.00062 | 33.0% | 21.7% | 69.9% |  41.2 | 0.000965  (12s)
 107 |   0.2881 |   0.2819 |  0.00062 | 33.2% | 21.8% | 71.1% |  39.3 | 0.000953  (12s)
 108 |   0.2885 |   0.2822 |  0.00063 | 34.2% | 22.4% | 74.3% |  38.4 | 0.000939  (12s)
 109 |   0.2872 |   0.2813 |  0.00059 | 33.9% | 22.2% | 73.8% |  37.6 | 0.000923  (12s)
 110 |   0.2880 |   0.2816 |  0.00064 | 33.3% | 22.0% | 69.6% |  38.3 | 0.000905  (12s)
 111 |   0.2869 |   0.2808 |  0.00061 | 33.3% | 21.9% | 71.1% |  46.8 | 0.000886  (12s)
 112 |   0.2861 |   0.2802 |  0.00059 | 33.8% | 21.8% | 76.5% |  41.9 | 0.000866  (12s)
 113 |   0.2869 |   0.2808 |  0.00060 | 33.3% | 22.6% | 63.6% |  39.5 | 0.000844  (12s)
 114 |   0.2857 |   0.2799 |  0.00057 | 34.2% | 22.7% | 70.3% |  39.0 | 0.000821  (12s)
 115 |   0.2857 |   0.2797 |  0.00059 | 34.6% | 22.9% | 72.3% |  40.0 | 0.000796  (12s)
        ★ New best! F1=34.6% FC=40.0mm
 116 |   0.2846 |   0.2790 |  0.00056 | 34.3% | 23.1% | 67.1% |  40.5 | 0.000770  (12s)
 117 |   0.2851 |   0.2794 |  0.00057 | 32.3% | 21.0% | 71.6% |  39.2 | 0.000743  (12s)
 118 |   0.2839 |   0.2783 |  0.00056 | 33.1% | 21.9% | 69.3% |  39.2 | 0.000716  (12s)
 119 |   0.2836 |   0.2782 |  0.00054 | 34.5% | 22.9% | 71.8% |  39.0 | 0.000687  (12s)
 120 |   0.2836 |   0.2778 |  0.00057 | 33.5% | 21.8% | 74.0% |  39.3 | 0.000658  (12s)
 121 |   0.2830 |   0.2774 |  0.00056 | 33.5% | 21.8% | 74.6% |  38.9 | 0.000628  (12s)
 122 |   0.2830 |   0.2774 |  0.00055 | 33.7% | 23.2% | 63.0% |  38.4 | 0.000598  (12s)
 123 |   0.2824 |   0.2768 |  0.00056 | 33.9% | 23.0% | 65.8% |  39.7 | 0.000567  (12s)
 124 |   0.2821 |   0.2766 |  0.00055 | 33.3% | 22.0% | 70.2% |  38.9 | 0.000536  (12s)
 125 |   0.2813 |   0.2760 |  0.00053 | 34.3% | 23.0% | 69.1% |  39.0 | 0.000505  (12s)
 126 |   0.2805 |   0.2753 |  0.00052 | 33.5% | 22.3% | 68.6% |  38.6 | 0.000474  (12s)
 127 |   0.2803 |   0.2750 |  0.00053 | 33.8% | 22.6% | 68.5% |  38.5 | 0.000443  (12s)
 128 |   0.2795 |   0.2744 |  0.00052 | 33.8% | 22.0% | 73.9% |  38.6 | 0.000412  (12s)
 129 |   0.2791 |   0.2739 |  0.00052 | 33.5% | 21.5% | 77.1% |  38.1 | 0.000382  (12s)
 130 |   0.2785 |   0.2735 |  0.00050 | 34.3% | 22.8% | 70.3% |  38.9 | 0.000352  (12s)
 131 |   0.2781 |   0.2731 |  0.00050 | 34.1% | 22.5% | 71.5% |  39.0 | 0.000323  (12s)
 132 |   0.2779 |   0.2729 |  0.00050 | 34.4% | 23.0% | 69.6% |  39.4 | 0.000294  (12s)
 133 |   0.2784 |   0.2734 |  0.00050 | 34.1% | 22.8% | 68.8% |  39.2 | 0.000267  (12s)
 134 |   0.2775 |   0.2726 |  0.00049 | 33.8% | 22.2% | 72.5% |  38.4 | 0.000240  (12s)
 135 |   0.2768 |   0.2720 |  0.00048 | 34.1% | 22.6% | 70.0% |  38.7 | 0.000214  (12s)
 136 |   0.2765 |   0.2717 |  0.00048 | 34.2% | 22.6% | 71.6% |  38.4 | 0.000189  (12s)
 137 |   0.2762 |   0.2715 |  0.00047 | 33.7% | 22.5% | 67.7% |  38.9 | 0.000166  (12s)
 138 |   0.2765 |   0.2718 |  0.00047 | 33.8% | 22.4% | 69.9% |  38.5 | 0.000144  (12s)
 139 |   0.2758 |   0.2710 |  0.00048 | 33.5% | 22.2% | 69.7% |  38.4 | 0.000124  (12s)
 140 |   0.2754 |   0.2708 |  0.00047 | 33.3% | 22.1% | 69.0% |  38.8 | 0.000105  (12s)
 141 |   0.2754 |   0.2708 |  0.00047 | 33.6% | 22.5% | 67.4% |  38.5 | 0.000087  (12s)
 142 |   0.2745 |   0.2699 |  0.00047 | 33.6% | 22.4% | 68.1% |  38.6 | 0.000071  (12s)
 143 |   0.2753 |   0.2707 |  0.00046 | 33.4% | 22.2% | 68.3% |  39.1 | 0.000057  (12s)
 144 |   0.2745 |   0.2700 |  0.00046 | 33.5% | 22.3% | 68.0% |  39.0 | 0.000045  (12s)
 145 |   0.2748 |   0.2702 |  0.00046 | 33.4% | 22.1% | 70.2% |  38.4 | 0.000034  (12s)
 146 |   0.2747 |   0.2700 |  0.00047 | 33.5% | 22.2% | 69.2% |  38.4 | 0.000026  (12s)
 147 |   0.2744 |   0.2698 |  0.00046 | 33.6% | 22.2% | 70.4% |  38.8 | 0.000019  (12s)
 148 |   0.2741 |   0.2695 |  0.00046 | 33.5% | 22.2% | 69.6% |  39.1 | 0.000014  (12s)
 149 |   0.2745 |   0.2699 |  0.00045 | 33.7% | 22.3% | 69.6% |  38.7 | 0.000011  (12s)
 150 |   0.2737 |   0.2692 |  0.00046 | 33.5% | 22.1% | 70.3% |  38.5 | 0.001000  (12s)
 151 |   0.2815 |   0.2757 |  0.00057 | 32.8% | 21.0% | 75.9% |  38.8 | 0.000999  (12s)
 152 |   0.2827 |   0.2768 |  0.00059 | 32.4% | 21.7% | 65.6% |  41.3 | 0.000996  (12s)
 153 |   0.2822 |   0.2764 |  0.00057 | 32.6% | 22.9% | 57.8% |  39.3 | 0.000991  (12s)
 154 |   0.2832 |   0.2775 |  0.00058 | 32.6% | 21.5% | 68.9% |  39.2 | 0.000984  (12s)
 155 |   0.2821 |   0.2762 |  0.00059 | 32.7% | 22.7% | 59.8% |  45.8 | 0.000976  (12s)
 156 |   0.2814 |   0.2754 |  0.00059 | 34.3% | 23.0% | 68.6% |  38.6 | 0.000965  (12s)
 157 |   0.2808 |   0.2754 |  0.00054 | 33.0% | 21.7% | 70.6% |  39.9 | 0.000953  (12s)
 158 |   0.2805 |   0.2751 |  0.00054 | 33.6% | 22.5% | 67.6% |  38.9 | 0.000939  (12s)
 159 |   0.2810 |   0.2756 |  0.00053 | 33.6% | 22.9% | 64.2% |  39.0 | 0.000923  (12s)
 160 |   0.2810 |   0.2757 |  0.00053 | 34.3% | 23.3% | 66.2% |  40.4 | 0.000905  (12s)
 161 |   0.2801 |   0.2749 |  0.00052 | 32.3% | 20.9% | 73.0% |  39.2 | 0.000886  (12s)
 162 |   0.2799 |   0.2746 |  0.00053 | 33.3% | 21.7% | 73.0% |  37.8 | 0.000866  (12s)
 163 |   0.2794 |   0.2742 |  0.00052 | 34.7% | 24.2% | 61.8% |  39.1 | 0.000844  (12s)
        ★ New best! F1=34.7% FC=39.1mm
 164 |   0.2789 |   0.2737 |  0.00052 | 34.5% | 23.2% | 68.7% |  37.8 | 0.000821  (12s)
 165 |   0.2789 |   0.2736 |  0.00053 | 34.5% | 24.1% | 61.6% |  38.7 | 0.000796  (12s)
 166 |   0.2785 |   0.2734 |  0.00051 | 33.4% | 22.2% | 68.1% |  38.1 | 0.000770  (12s)
 167 |   0.2775 |   0.2724 |  0.00052 | 34.0% | 23.0% | 66.8% |  37.9 | 0.000743  (12s)
 168 |   0.2781 |   0.2728 |  0.00053 | 34.2% | 22.4% | 73.9% |  37.7 | 0.000716  (12s)
 169 |   0.2777 |   0.2725 |  0.00052 | 34.4% | 23.3% | 67.1% |  38.3 | 0.000687  (12s)
 170 |   0.2773 |   0.2723 |  0.00050 | 34.3% | 22.7% | 71.6% |  38.4 | 0.000658  (12s)
 171 |   0.2767 |   0.2717 |  0.00050 | 33.9% | 22.8% | 67.9% |  38.3 | 0.000628  (12s)
 172 |   0.2763 |   0.2713 |  0.00050 | 34.3% | 22.9% | 69.5% |  37.9 | 0.000598  (12s)
 173 |   0.2763 |   0.2713 |  0.00050 | 34.3% | 23.0% | 68.1% |  38.5 | 0.000567  (12s)
 174 |   0.2750 |   0.2700 |  0.00050 | 34.2% | 23.2% | 66.2% |  39.1 | 0.000536  (12s)
 175 |   0.2751 |   0.2701 |  0.00050 | 34.0% | 22.8% | 67.7% |  38.9 | 0.000505  (12s)
 176 |   0.2748 |   0.2699 |  0.00049 | 34.7% | 23.4% | 67.9% |  38.5 | 0.000474  (12s)
        ★ New best! F1=34.7% FC=38.5mm
 177 |   0.2745 |   0.2696 |  0.00049 | 34.1% | 23.1% | 66.6% |  39.1 | 0.000443  (12s)
 178 |   0.2737 |   0.2688 |  0.00049 | 33.9% | 22.6% | 69.3% |  39.3 | 0.000412  (12s)
 179 |   0.2739 |   0.2693 |  0.00047 | 33.8% | 22.7% | 67.0% |  39.2 | 0.000382  (12s)
 180 |   0.2734 |   0.2686 |  0.00047 | 34.4% | 23.5% | 65.5% |  38.8 | 0.000352  (12s)
 181 |   0.2724 |   0.2677 |  0.00047 | 34.1% | 22.5% | 70.9% |  38.6 | 0.000323  (12s)
 182 |   0.2722 |   0.2675 |  0.00047 | 34.4% | 23.4% | 65.9% |  38.9 | 0.000294  (12s)
 183 |   0.2720 |   0.2673 |  0.00047 | 34.0% | 22.7% | 69.6% |  38.6 | 0.000267  (12s)
 184 |   0.2713 |   0.2667 |  0.00046 | 33.6% | 22.2% | 70.2% |  38.7 | 0.000240  (12s)
 185 |   0.2724 |   0.2679 |  0.00045 | 33.5% | 22.5% | 66.8% |  39.2 | 0.000214  (12s)
 186 |   0.2707 |   0.2662 |  0.00045 | 33.7% | 22.5% | 68.0% |  39.0 | 0.000189  (12s)
 187 |   0.2710 |   0.2665 |  0.00045 | 34.1% | 22.7% | 70.2% |  38.0 | 0.000166  (12s)
 188 |   0.2705 |   0.2660 |  0.00046 | 34.6% | 23.1% | 70.2% |  38.4 | 0.000144  (12s)
 189 |   0.2702 |   0.2656 |  0.00046 | 34.3% | 23.0% | 68.7% |  38.5 | 0.000124  (12s)
 190 |   0.2702 |   0.2657 |  0.00045 | 34.4% | 23.4% | 65.7% |  38.8 | 0.000105  (12s)
 191 |   0.2701 |   0.2656 |  0.00045 | 34.5% | 23.4% | 66.6% |  38.7 | 0.000087  (12s)
 192 |   0.2700 |   0.2655 |  0.00045 | 34.5% | 23.3% | 67.3% |  38.5 | 0.000071  (12s)
 193 |   0.2698 |   0.2653 |  0.00045 | 34.4% | 23.0% | 69.7% |  38.4 | 0.000057  (12s)
 194 |   0.2695 |   0.2650 |  0.00044 | 34.6% | 23.4% | 67.1% |  38.7 | 0.000045  (12s)
 195 |   0.2692 |   0.2648 |  0.00044 | 34.3% | 22.9% | 69.5% |  38.7 | 0.000034  (12s)
 196 |   0.2687 |   0.2644 |  0.00043 | 34.0% | 22.9% | 67.1% |  38.7 | 0.000026  (12s)
 197 |   0.2691 |   0.2647 |  0.00044 | 34.4% | 23.1% | 68.8% |  38.5 | 0.000019  (12s)
 198 |   0.2694 |   0.2649 |  0.00045 | 34.5% | 23.0% | 69.8% |  38.5 | 0.000014  (12s)
 199 |   0.2693 |   0.2649 |  0.00044 | 34.2% | 23.0% | 67.9% |  38.6 | 0.000011  (12s)
 200 |   0.2689 |   0.2646 |  0.00044 | 34.4% | 23.2% | 67.7% |  38.5 | 0.001000  (12s)

======================================================================
TRAINING COMPLETE (v5 Multi-Task)
  Train objects: 47
  Val objects:   11 (UNSEEN during training)
  Best Val F1:   34.7%
  Best model:    /home/lyh/Project/Affordance2Grasp/output/checkpoints_v5/best_model.pth
======================================================================
