nohup: ignoring input
============================================================
PointNet++ Affordance Training v4 — Object-level Split
============================================================
  ⭐ KEY: 物体级别 train/val 分割 (验证=未见物体)
  Device:      cuda
  GPU:         NVIDIA GeForce RTX 4080 SUPER
  Epochs:      200
  Batch size:  16
  LR:          0.001
  Dataset:     /home/lyh/Project/ContactPoint/dataset (all)
  Val ratio:   20% of objects
  Checkpoints: /home/lyh/Project/Affordance2Grasp/output/checkpoints_v4_all

--- Object-level Split ---
  Train objects (52): ['A02012', 'A02014', 'A02015', 'A02018', 'A02028', 'A02029', 'A02030', 'A02032']...
  Val objects   (13):   ['A02011', 'A02021', 'A02031', 'A15027', 'C03001', 'O03001', 'O93001', 'S10008', 'S10012', 'S10020', 'S16002', 'S16005', 'Y29040']
  ✅ Zero overlap between train/val objects

  Loading train data...
    Loaded 68819 samples (52 objects)
  Loading val data...
    Loaded 4088 samples (13 objects)
    Loaded 16137 samples (13 objects)
    Loaded 17151 samples (52 objects)

  Summary:
    Train: 85970 samples, 52 objects, contact=15.3%
    Val:   20225 samples, 13 objects, contact=19.1%

  Model params:  811,074
  Loss: Focal(α=0.75,γ=2) + Tversky(α=0.3,β=0.7)
  Optimizer: AdamW (改为 weight decay decoupled)
  Scheduler: CosineAnnealingWarmRestarts (T_0=50)

======================================================================
Epoch | Train Loss |   Val Loss | Val Acc |   Val P |   Val R |  Val F1 |       LR
----------------------------------------------------------------------
    1 |     0.3044 |     0.2894 |  50.2% |  24.5% |  76.7% |  36.9% | 0.000999  (371s)
        ★ New best! F1=36.9% (P=24.5% R=76.7%)
    2 |     0.2947 |     0.2988 |  56.6% |  26.0% |  69.0% |  37.5% | 0.000996  (363s)
        ★ New best! F1=37.5% (P=26.0% R=69.0%)
    3 |     0.2893 |     0.2839 |  56.2% |  27.0% |  76.1% |  39.7% | 0.000991  (361s)
        ★ New best! F1=39.7% (P=27.0% R=76.1%)
    4 |     0.2858 |     0.2909 |  62.4% |  29.5% |  70.1% |  41.2% | 0.000984  (361s)
        ★ New best! F1=41.2% (P=29.5% R=70.1%)
    5 |     0.2833 |     0.3228 |  60.1% |  28.3% |  71.6% |  40.3% | 0.000976  (362s)
    6 |     0.2812 |     0.3028 |  56.8% |  27.0% |  74.4% |  39.4% | 0.000965  (362s)
    7 |     0.2795 |     0.2870 |  59.9% |  28.6% |  73.8% |  41.0% | 0.000953  (362s)
    8 |     0.2778 |     0.3136 |  58.1% |  27.5% |  73.4% |  39.7% | 0.000939  (362s)
    9 |     0.2767 |     0.2829 |  58.8% |  28.2% |  75.3% |  40.8% | 0.000923  (362s)
   10 |     0.2756 |     0.3012 |  64.0% |  30.2% |  67.6% |  41.4% | 0.000905  (362s)
        ★ New best! F1=41.4% (P=30.2% R=67.6%)
        📊 Visualization saved: vis_epoch10.png
   11 |     0.2748 |     0.2892 |  61.3% |  29.4% |  73.3% |  41.7% | 0.000886  (362s)
        ★ New best! F1=41.7% (P=29.4% R=73.3%)
   12 |     0.2738 |     0.2826 |  60.4% |  28.9% |  73.6% |  41.3% | 0.000866  (362s)
   13 |     0.2731 |     0.2970 |  62.3% |  29.2% |  68.8% |  40.7% | 0.000844  (362s)
   14 |     0.2724 |     0.3370 |  62.6% |  29.5% |  69.7% |  41.2% | 0.000821  (362s)
   15 |     0.2718 |     0.3484 |  58.8% |  27.4% |  70.6% |  39.2% | 0.000796  (362s)
   16 |     0.2713 |     0.3437 |  61.1% |  28.9% |  71.4% |  40.8% | 0.000770  (362s)
   17 |     0.2709 |     0.2808 |  60.5% |  29.6% |  77.5% |  42.6% | 0.000743  (362s)
        ★ New best! F1=42.6% (P=29.6% R=77.5%)
   18 |     0.2703 |     0.2750 |  58.4% |  28.9% |  80.9% |  42.4% | 0.000716  (362s)
   19 |     0.2700 |     0.3107 |  62.9% |  30.1% |  71.8% |  42.2% | 0.000687  (362s)
   20 |     0.2696 |     0.2758 |  57.9% |  28.8% |  81.8% |  42.4% | 0.000658  (362s)
        📊 Visualization saved: vis_epoch20.png
   21 |     0.2692 |     0.3135 |  58.4% |  28.2% |  76.4% |  40.9% | 0.000628  (362s)
   22 |     0.2689 |     0.3018 |  63.6% |  30.2% |  69.4% |  41.8% | 0.000598  (362s)
   23 |     0.2686 |     0.2809 |  60.7% |  29.7% |  77.3% |  42.7% | 0.000567  (362s)
        ★ New best! F1=42.7% (P=29.7% R=77.3%)
   24 |     0.2682 |     0.2856 |  61.9% |  30.1% |  75.7% |  42.9% | 0.000536  (362s)
        ★ New best! F1=42.9% (P=30.1% R=75.7%)
   25 |     0.2680 |     0.2698 |  60.0% |  30.0% |  82.2% |  43.8% | 0.000505  (362s)
        ★ New best! F1=43.8% (P=30.0% R=82.2%)
   26 |     0.2677 |     0.2719 |  57.3% |  28.7% |  83.3% |  42.5% | 0.000474  (362s)
   27 |     0.2673 |     0.2806 |  60.0% |  29.2% |  76.9% |  42.1% | 0.000443  (362s)
   28 |     0.2667 |     0.2766 |  60.2% |  29.6% |  78.5% |  42.7% | 0.000412  (362s)
   29 |     0.2662 |     0.2904 |  60.8% |  29.2% |  73.4% |  41.4% | 0.000382  (362s)
   30 |     0.2654 |     0.2852 |  62.1% |  29.8% |  72.4% |  41.9% | 0.000352  (362s)
        📊 Visualization saved: vis_epoch30.png
   31 |     0.2645 |     0.2773 |  61.3% |  29.8% |  75.4% |  42.4% | 0.000323  (362s)
   32 |     0.2638 |     0.2909 |  63.5% |  29.8% |  67.0% |  40.9% | 0.000294  (362s)
   33 |     0.2631 |     0.2890 |  61.1% |  29.1% |  72.3% |  41.2% | 0.000267  (362s)
   34 |     0.2625 |     0.2757 |  61.1% |  29.8% |  76.0% |  42.5% | 0.000240  (362s)
   35 |     0.2621 |     0.2886 |  63.7% |  30.6% |  70.8% |  42.4% | 0.000214  (362s)
   36 |     0.2617 |     0.2784 |  61.7% |  30.1% |  75.9% |  42.9% | 0.000189  (362s)
   37 |     0.2614 |     0.2753 |  60.7% |  29.5% |  76.0% |  42.3% | 0.000166  (362s)
   38 |     0.2609 |     0.2799 |  61.8% |  29.8% |  73.4% |  42.1% | 0.000144  (362s)
   39 |     0.2607 |     0.2767 |  60.8% |  29.4% |  75.3% |  42.1% | 0.000124  (362s)
   40 |     0.2606 |     0.2770 |  59.8% |  29.1% |  77.0% |  42.0% | 0.000105  (362s)
        📊 Visualization saved: vis_epoch40.png
   41 |     0.2603 |     0.2806 |  61.9% |  29.7% |  72.4% |  41.9% | 0.000087  (362s)
   42 |     0.2602 |     0.2747 |  60.8% |  29.8% |  77.6% |  42.8% | 0.000071  (362s)
   43 |     0.2599 |     0.2758 |  60.3% |  29.6% |  77.9% |  42.7% | 0.000057  (362s)
   44 |     0.2599 |     0.2772 |  63.1% |  30.4% |  72.4% |  42.6% | 0.000045  (362s)
   45 |     0.2598 |     0.2777 |  61.3% |  29.6% |  74.2% |  42.1% | 0.000034  (363s)
   46 |     0.2597 |     0.2774 |  60.4% |  29.3% |  76.0% |  42.1% | 0.000026  (362s)
   47 |     0.2598 |     0.2755 |  60.2% |  29.5% |  77.5% |  42.5% | 0.000019  (362s)
   48 |     0.2595 |     0.2764 |  60.5% |  29.6% |  76.9% |  42.4% | 0.000014  (363s)
   49 |     0.2594 |     0.2773 |  61.1% |  29.6% |  74.9% |  42.2% | 0.000011  (362s)
   50 |     0.2595 |     0.2752 |  60.7% |  29.7% |  76.9% |  42.5% | 0.001000  (363s)
        📊 Visualization saved: vis_epoch50.png
   51 |     0.2634 |     0.2898 |  63.2% |  30.1% |  70.0% |  41.8% | 0.000999  (362s)
   52 |     0.2630 |     0.2825 |  59.9% |  28.7% |  73.9% |  41.1% | 0.000996  (362s)
   53 |     0.2625 |     0.2805 |  58.3% |  28.1% |  76.0% |  40.8% | 0.000991  (362s)
   54 |     0.2620 |     0.2908 |  57.3% |  27.9% |  77.4% |  40.7% | 0.000984  (362s)
   55 |     0.2615 |     0.2773 |  58.2% |  28.6% |  79.4% |  41.9% | 0.000976  (363s)
   56 |     0.2610 |     0.2853 |  57.7% |  28.2% |  78.5% |  41.3% | 0.000965  (363s)
   57 |     0.2604 |     0.2912 |  60.9% |  28.8% |  71.4% |  40.7% | 0.000953  (362s)
   58 |     0.2599 |     0.2814 |  61.1% |  29.7% |  75.6% |  42.4% | 0.000939  (362s)
   59 |     0.2596 |     0.2738 |  57.8% |  28.7% |  81.4% |  42.2% | 0.000923  (362s)
   60 |     0.2592 |     0.2897 |  65.0% |  31.2% |  69.0% |  42.6% | 0.000905  (362s)
        📊 Visualization saved: vis_epoch60.png
   61 |     0.2589 |     0.2787 |  60.7% |  29.8% |  77.9% |  42.8% | 0.000886  (363s)
   62 |     0.2585 |     0.3161 |  63.4% |  30.0% |  69.0% |  41.5% | 0.000866  (362s)
   63 |     0.2582 |     0.2776 |  57.9% |  28.9% |  82.5% |  42.6% | 0.000844  (362s)
   64 |     0.2580 |     0.2767 |  62.0% |  30.5% |  77.0% |  43.4% | 0.000821  (362s)
   65 |     0.2577 |     0.2758 |  59.4% |  29.4% |  80.3% |  42.8% | 0.000796  (363s)
   66 |     0.2574 |     0.3108 |  63.0% |  29.9% |  69.6% |  41.5% | 0.000770  (362s)
   67 |     0.2572 |     0.2788 |  63.1% |  30.5% |  73.0% |  42.8% | 0.000743  (364s)
   68 |     0.2570 |     0.2824 |  59.7% |  29.2% |  77.4% |  42.1% | 0.000716  (354s)
   69 |     0.2568 |     0.2858 |  63.0% |  30.6% |  73.6% |  43.0% | 0.000687  (349s)
   70 |     0.2566 |     0.2771 |  61.5% |  30.2% |  77.1% |  43.1% | 0.000658  (376s)
        📊 Visualization saved: vis_epoch70.png
   71 |     0.2565 |     0.2762 |  60.6% |  29.8% |  78.2% |  42.9% | 0.000628  (348s)
   72 |     0.2562 |     0.2845 |  62.0% |  30.2% |  75.5% |  42.9% | 0.000598  (352s)
   73 |     0.2561 |     0.2881 |  64.2% |  30.8% |  70.2% |  42.6% | 0.000567  (351s)
   74 |     0.2559 |     0.2840 |  64.5% |  31.0% |  70.5% |  42.8% | 0.000536  (347s)
   75 |     0.2557 |     0.2804 |  61.8% |  30.2% |  76.2% |  43.0% | 0.000505  (345s)
   76 |     0.2556 |     0.2775 |  59.7% |  29.5% |  79.8% |  42.9% | 0.000474  (345s)
   77 |     0.2553 |     0.2779 |  60.4% |  29.5% |  77.2% |  42.5% | 0.000443  (358s)
   78 |     0.2552 |     0.2843 |  63.5% |  30.8% |  73.2% |  43.1% | 0.000412  (363s)
   79 |     0.2550 |     0.2806 |  61.1% |  29.8% |  76.3% |  42.6% | 0.000382  (347s)
   80 |     0.2550 |     0.2756 |  62.3% |  30.4% |  75.5% |  43.1% | 0.000352  (346s)
        📊 Visualization saved: vis_epoch80.png
   81 |     0.2548 |     0.2805 |  61.5% |  29.9% |  75.4% |  42.5% | 0.000323  (350s)
   82 |     0.2546 |     0.2810 |  62.6% |  30.4% |  74.1% |  42.9% | 0.000294  (345s)
   83 |     0.2545 |     0.2782 |  62.2% |  30.5% |  76.4% |  43.3% | 0.000267  (345s)
   84 |     0.2544 |     0.2794 |  61.4% |  30.0% |  76.0% |  42.7% | 0.000240  (345s)
   85 |     0.2542 |     0.2761 |  60.9% |  29.8% |  77.2% |  42.7% | 0.000214  (345s)
   86 |     0.2542 |     0.2798 |  64.5% |  31.2% |  71.5% |  43.2% | 0.000189  (345s)
   87 |     0.2541 |     0.2761 |  62.9% |  30.7% |  74.9% |  43.3% | 0.000166  (345s)
   88 |     0.2540 |     0.2814 |  63.9% |  31.1% |  73.3% |  43.4% | 0.000144  (345s)
   89 |     0.2540 |     0.2807 |  63.3% |  30.7% |  73.4% |  43.1% | 0.000124  (345s)
   90 |     0.2538 |     0.2786 |  64.1% |  31.4% |  73.9% |  43.8% | 0.000105  (345s)
        ★ New best! F1=43.8% (P=31.4% R=73.9%)
        📊 Visualization saved: vis_epoch90.png
   91 |     0.2537 |     0.2784 |  62.5% |  30.5% |  75.3% |  43.2% | 0.000087  (345s)
   92 |     0.2537 |     0.2792 |  62.9% |  30.6% |  74.2% |  43.1% | 0.000071  (345s)
   93 |     0.2537 |     0.2812 |  63.2% |  30.6% |  73.2% |  42.9% | 0.000057  (345s)
   94 |     0.2535 |     0.2803 |  63.1% |  30.5% |  72.8% |  42.7% | 0.000045  (345s)
   95 |     0.2535 |     0.2809 |  64.1% |  31.1% |  72.6% |  43.3% | 0.000034  (345s)
   96 |     0.2535 |     0.2803 |  64.0% |  31.1% |  72.6% |  43.3% | 0.000026  (345s)
   97 |     0.2535 |     0.2816 |  64.4% |  31.1% |  71.2% |  43.1% | 0.000019  (345s)
   98 |     0.2534 |     0.2840 |  65.1% |  31.5% |  70.5% |  43.3% | 0.000014  (345s)
   99 |     0.2534 |     0.2801 |  64.4% |  31.3% |  72.2% |  43.4% | 0.000011  (345s)
  100 |     0.2534 |     0.2810 |  64.1% |  31.1% |  72.8% |  43.4% | 0.001000  (345s)
        📊 Visualization saved: vis_epoch100.png
  101 |     0.2560 |     0.2770 |  62.8% |  30.8% |  76.1% |  43.7% | 0.000999  (345s)
  102 |     0.2562 |     0.2882 |  58.6% |  28.6% |  78.4% |  41.7% | 0.000996  (345s)
  103 |     0.2562 |     0.2855 |  63.6% |  30.9% |  73.5% |  43.3% | 0.000991  (345s)
  104 |     0.2561 |     0.2882 |  59.4% |  29.3% |  79.5% |  42.5% | 0.000984  (345s)
  105 |     0.2559 |     0.3030 |  62.2% |  30.0% |  73.5% |  42.4% | 0.000976  (345s)
  106 |     0.2559 |     0.2842 |  61.7% |  29.7% |  73.8% |  42.1% | 0.000965  (345s)
  107 |     0.2558 |     0.2880 |  63.7% |  30.8% |  72.1% |  42.9% | 0.000953  (346s)
  108 |     0.2557 |     0.2785 |  62.4% |  30.7% |  77.1% |  43.7% | 0.000939  (346s)
  109 |     0.2556 |     0.3175 |  63.9% |  29.6% |  64.9% |  40.3% | 0.000923  (346s)
  110 |     0.2553 |     0.3115 |  62.9% |  29.9% |  70.2% |  41.6% | 0.000905  (345s)
        📊 Visualization saved: vis_epoch110.png
  111 |     0.2553 |     0.2878 |  61.9% |  29.9% |  73.9% |  42.3% | 0.000886  (345s)
  112 |     0.2552 |     0.2776 |  60.8% |  29.8% |  78.1% |  43.0% | 0.000866  (345s)
  113 |     0.2551 |     0.2806 |  62.9% |  30.5% |  73.6% |  42.9% | 0.000844  (345s)
  114 |     0.2549 |     0.2927 |  65.1% |  30.9% |  67.0% |  42.0% | 0.000821  (345s)
  115 |     0.2548 |     0.2815 |  61.7% |  29.9% |  75.1% |  42.6% | 0.000796  (345s)
  116 |     0.2547 |     0.2966 |  63.5% |  30.3% |  70.1% |  42.0% | 0.000770  (346s)
  117 |     0.2546 |     0.2928 |  64.4% |  30.8% |  69.6% |  42.4% | 0.000743  (345s)
  118 |     0.2544 |     0.2823 |  63.0% |  30.4% |  72.7% |  42.6% | 0.000716  (346s)
  119 |     0.2543 |     0.2834 |  63.1% |  30.3% |  71.2% |  42.2% | 0.000687  (346s)
  120 |     0.2543 |     0.2825 |  63.3% |  30.9% |  74.4% |  43.4% | 0.000658  (345s)
        📊 Visualization saved: vis_epoch120.png
  121 |     0.2540 |     0.2956 |  62.5% |  29.7% |  70.7% |  41.6% | 0.000628  (345s)
  122 |     0.2539 |     0.2810 |  62.3% |  30.3% |  74.9% |  42.9% | 0.000598  (345s)
  123 |     0.2537 |     0.2956 |  62.9% |  29.6% |  68.5% |  41.1% | 0.000567  (345s)
  124 |     0.2538 |     0.2776 |  61.2% |  30.0% |  77.6% |  43.1% | 0.000536  (345s)
  125 |     0.2536 |     0.2892 |  64.1% |  30.7% |  70.0% |  42.5% | 0.000505  (345s)
  126 |     0.2535 |     0.3179 |  65.1% |  30.5% |  65.1% |  41.2% | 0.000474  (345s)
  127 |     0.2534 |     0.2814 |  62.4% |  30.3% |  74.5% |  42.8% | 0.000443  (345s)
  128 |     0.2532 |     0.3283 |  65.7% |  30.8% |  64.2% |  41.4% | 0.000412  (346s)
  129 |     0.2531 |     0.2819 |  62.2% |  30.1% |  74.3% |  42.6% | 0.000382  (349s)
  130 |     0.2531 |     0.2844 |  59.5% |  29.2% |  78.2% |  42.2% | 0.000352  (363s)
        📊 Visualization saved: vis_epoch130.png
  131 |     0.2530 |     0.2908 |  62.5% |  30.1% |  72.8% |  42.3% | 0.000323  (369s)
  132 |     0.2528 |     0.2927 |  63.9% |  30.6% |  70.1% |  42.3% | 0.000294  (380s)
  133 |     0.2528 |     0.2904 |  63.4% |  30.4% |  71.1% |  42.3% | 0.000267  (411s)
