nohup: ignoring input
======================================================================
PointNet++ Affordance Training v5 — Multi-Task
======================================================================
  ⭐ Multi-Task: 接触分割 + 受力中心回归
  Device:      cuda
  GPU:         NVIDIA GeForce RTX 4080 SUPER
  Epochs:      200
  Batch size:  16
  LR:          0.001
  FC λ:        10.0
  Dataset:     /home/lyh/Project/Affordance2Grasp/output/dataset
  Checkpoints: /home/lyh/Project/Affordance2Grasp/output/checkpoints_v5

--- Object-level Split ---
  Train objects (47): ['A02012', 'A02014', 'A02015', 'A02018', 'A02028', 'A02029', 'A02030', 'A02031']...
  Val objects   (11):   ['A02011', 'A02021', 'A15027', 'A16012', 'O03001', 'S10007', 'S10010', 'S10017', 'S10019', 'S10021', 'S15004']
  ✅ Zero overlap between train/val objects

  Loading train data...
    Loaded 2430 samples (47 objects), force_centers: 2430/2430 valid
  Loading val data (from val.h5)...
    Loaded 146 samples (11 objects), force_centers: 146/146 valid
  Loading val data (from train.h5)...
    Loaded 586 samples (11 objects), force_centers: 586/586 valid
  Loading extra train data (from val.h5)...
    Loaded 609 samples (47 objects), force_centers: 609/609 valid

  Summary:
    Train: 3039 samples, 47 objects, contact=21.0%, fc=3039
    Val:   732 samples, 11 objects, contact=20.1%, fc=732

  Model params:  976,453
  Seg Loss: Focal(α=0.75,γ=2) + Tversky(α=0.3,β=0.7)
  FC Loss:  MSE × λ=10.0

================================================================================
  Ep |     Loss |      Seg |       FC |     F1 |      P |      R |  FC mm |       LR
--------------------------------------------------------------------------------
   1 |   0.4494 |   0.2929 |  0.01565 | 33.8% | 20.4% | 100.0% |  49.6 | 0.000999  (13s)
        ★ New best! F1=33.8% FC=49.6mm
   2 |   0.2971 |   0.2857 |  0.00114 | 36.6% | 25.5% | 67.6% |  42.3 | 0.000996  (12s)
        ★ New best! F1=36.6% FC=42.3mm
   3 |   0.2921 |   0.2822 |  0.00099 | 38.6% | 24.6% | 91.1% |  47.6 | 0.000991  (12s)
        ★ New best! F1=38.6% FC=47.6mm
   4 |   0.2903 |   0.2808 |  0.00095 | 38.7% | 26.6% | 72.4% |  54.3 | 0.000984  (12s)
        ★ New best! F1=38.7% FC=54.3mm
   5 |   0.2892 |   0.2800 |  0.00091 | 39.3% | 28.0% | 66.8% |  44.9 | 0.000976  (12s)
        ★ New best! F1=39.3% FC=44.9mm
   6 |   0.2876 |   0.2781 |  0.00096 | 39.1% | 26.6% | 75.6% |  43.2 | 0.000965  (12s)
   7 |   0.2862 |   0.2769 |  0.00093 | 38.0% | 24.1% | 91.4% |  40.3 | 0.000953  (12s)
   8 |   0.2851 |   0.2760 |  0.00091 | 38.7% | 24.5% | 94.4% |  45.0 | 0.000939  (12s)
   9 |   0.2841 |   0.2753 |  0.00088 | 40.6% | 26.9% | 83.8% |  43.6 | 0.000923  (12s)
        ★ New best! F1=40.6% FC=43.6mm
  10 |   0.2829 |   0.2745 |  0.00084 | 40.3% | 26.8% | 82.2% |  42.1 | 0.000905  (12s)
  11 |   0.2821 |   0.2737 |  0.00084 | 40.4% | 26.6% | 85.0% |  42.5 | 0.000886  (12s)
  12 |   0.2816 |   0.2733 |  0.00083 | 40.4% | 27.0% | 81.9% |  45.7 | 0.000866  (12s)
  13 |   0.2816 |   0.2731 |  0.00084 | 40.8% | 27.2% | 83.5% |  44.0 | 0.000844  (12s)
        ★ New best! F1=40.8% FC=44.0mm
  14 |   0.2807 |   0.2727 |  0.00080 | 40.8% | 27.7% | 79.5% |  37.9 | 0.000821  (12s)
        ★ New best! F1=40.8% FC=37.9mm
  15 |   0.2792 |   0.2713 |  0.00079 | 40.6% | 27.9% | 76.1% |  44.8 | 0.000796  (12s)
  16 |   0.2790 |   0.2710 |  0.00080 | 39.5% | 26.7% | 77.0% |  43.9 | 0.000770  (12s)
  17 |   0.2781 |   0.2705 |  0.00077 | 40.4% | 28.2% | 72.4% |  58.6 | 0.000743  (12s)
  18 |   0.2781 |   0.2702 |  0.00079 | 41.3% | 28.2% | 78.9% |  39.9 | 0.000716  (12s)
        ★ New best! F1=41.3% FC=39.9mm
  19 |   0.2771 |   0.2695 |  0.00076 | 41.5% | 28.0% | 81.4% |  41.7 | 0.000687  (12s)
        ★ New best! F1=41.5% FC=41.7mm
  20 |   0.2766 |   0.2691 |  0.00075 | 41.6% | 28.1% | 81.4% |  44.1 | 0.000658  (12s)
        ★ New best! F1=41.6% FC=44.1mm
  21 |   0.2751 |   0.2680 |  0.00071 | 42.3% | 29.3% | 77.5% |  43.3 | 0.000628  (12s)
        ★ New best! F1=42.3% FC=43.3mm
  22 |   0.2753 |   0.2685 |  0.00068 | 41.9% | 27.8% | 87.0% |  40.0 | 0.000598  (12s)
  23 |   0.2741 |   0.2672 |  0.00069 | 42.3% | 28.7% | 82.0% |  41.1 | 0.000567  (12s)
  24 |   0.2736 |   0.2666 |  0.00070 | 41.1% | 27.6% | 82.2% |  39.5 | 0.000536  (12s)
  25 |   0.2727 |   0.2660 |  0.00066 | 42.5% | 28.9% | 81.9% |  43.1 | 0.000505  (12s)
        ★ New best! F1=42.5% FC=43.1mm
  26 |   0.2729 |   0.2662 |  0.00067 | 42.2% | 28.6% | 82.0% |  40.0 | 0.000474  (12s)
  27 |   0.2719 |   0.2654 |  0.00065 | 42.5% | 28.7% | 82.7% |  39.6 | 0.000443  (12s)
  28 |   0.2716 |   0.2652 |  0.00064 | 42.3% | 28.6% | 83.0% |  38.1 | 0.000412  (12s)
  29 |   0.2703 |   0.2642 |  0.00061 | 42.7% | 28.6% | 85.6% |  38.9 | 0.000382  (12s)
        ★ New best! F1=42.7% FC=38.9mm
  30 |   0.2707 |   0.2646 |  0.00061 | 42.0% | 28.4% | 81.5% |  37.1 | 0.000352  (12s)
  31 |   0.2700 |   0.2637 |  0.00062 | 42.5% | 28.8% | 82.5% |  37.7 | 0.000323  (12s)
  32 |   0.2697 |   0.2637 |  0.00060 | 41.8% | 27.8% | 86.1% |  39.4 | 0.000294  (12s)
  33 |   0.2685 |   0.2628 |  0.00057 | 43.4% | 29.7% | 82.2% |  39.2 | 0.000267  (12s)
        ★ New best! F1=43.4% FC=39.2mm
  34 |   0.2677 |   0.2618 |  0.00059 | 43.2% | 29.6% | 81.2% |  37.7 | 0.000240  (12s)
  35 |   0.2666 |   0.2608 |  0.00058 | 43.4% | 29.6% | 82.6% |  40.4 | 0.000214  (12s)
        ★ New best! F1=43.4% FC=40.4mm
  36 |   0.2668 |   0.2611 |  0.00057 | 42.2% | 28.5% | 82.4% |  38.0 | 0.000189  (12s)
  37 |   0.2659 |   0.2602 |  0.00057 | 42.8% | 29.0% | 82.4% |  39.1 | 0.000166  (12s)
  38 |   0.2657 |   0.2602 |  0.00055 | 42.6% | 28.6% | 84.6% |  38.1 | 0.000144  (12s)
  39 |   0.2654 |   0.2599 |  0.00055 | 42.5% | 28.5% | 84.6% |  38.6 | 0.000124  (12s)
  40 |   0.2650 |   0.2597 |  0.00054 | 42.8% | 28.9% | 83.4% |  37.1 | 0.000105  (12s)
  41 |   0.2647 |   0.2593 |  0.00054 | 42.3% | 28.3% | 85.4% |  37.4 | 0.000087  (12s)
  42 |   0.2637 |   0.2584 |  0.00053 | 42.4% | 28.5% | 84.7% |  38.2 | 0.000071  (12s)
  43 |   0.2640 |   0.2586 |  0.00053 | 42.5% | 28.6% | 84.2% |  38.2 | 0.000057  (12s)
  44 |   0.2642 |   0.2589 |  0.00052 | 42.4% | 28.5% | 84.1% |  38.0 | 0.000045  (12s)
  45 |   0.2635 |   0.2583 |  0.00052 | 42.5% | 28.6% | 84.8% |  37.5 | 0.000034  (12s)
  46 |   0.2637 |   0.2586 |  0.00051 | 42.9% | 29.0% | 84.5% |  37.0 | 0.000026  (12s)
  47 |   0.2633 |   0.2581 |  0.00052 | 42.9% | 29.0% | 83.8% |  37.3 | 0.000019  (12s)
  48 |   0.2624 |   0.2573 |  0.00051 | 43.0% | 29.0% | 84.2% |  37.2 | 0.000014  (12s)
  49 |   0.2627 |   0.2576 |  0.00051 | 42.8% | 28.8% | 84.3% |  37.4 | 0.000011  (12s)
  50 |   0.2631 |   0.2579 |  0.00052 | 42.7% | 28.8% | 84.2% |  37.0 | 0.001000  (12s)
  51 |   0.2714 |   0.2638 |  0.00076 | 41.7% | 28.0% | 82.7% |  40.9 | 0.000999  (12s)
  52 |   0.2731 |   0.2647 |  0.00084 | 40.4% | 26.6% | 85.9% |  40.4 | 0.000996  (12s)
  53 |   0.2730 |   0.2651 |  0.00079 | 40.6% | 26.6% | 86.9% |  39.5 | 0.000991  (12s)
  54 |   0.2710 |   0.2638 |  0.00073 | 42.0% | 28.0% | 85.2% |  38.9 | 0.000984  (12s)
  55 |   0.2705 |   0.2635 |  0.00070 | 42.1% | 28.3% | 83.8% |  40.2 | 0.000976  (12s)
  56 |   0.2706 |   0.2636 |  0.00071 | 42.9% | 29.5% | 79.9% |  41.8 | 0.000965  (12s)
  57 |   0.2711 |   0.2640 |  0.00071 | 43.1% | 29.8% | 79.3% |  38.7 | 0.000953  (12s)
  58 |   0.2692 |   0.2628 |  0.00063 | 42.3% | 29.0% | 79.1% |  39.6 | 0.000939  (12s)
  59 |   0.2692 |   0.2627 |  0.00066 | 43.2% | 29.7% | 80.2% |  39.1 | 0.000923  (12s)
  60 |   0.2690 |   0.2624 |  0.00066 | 41.5% | 27.8% | 83.4% |  39.1 | 0.000905  (12s)
  61 |   0.2694 |   0.2628 |  0.00066 | 42.1% | 28.4% | 82.4% |  39.0 | 0.000886  (12s)
  62 |   0.2688 |   0.2622 |  0.00066 | 43.2% | 29.5% | 82.5% |  39.5 | 0.000866  (12s)
  63 |   0.2676 |   0.2612 |  0.00065 | 42.5% | 29.2% | 80.0% |  39.2 | 0.000844  (12s)
  64 |   0.2670 |   0.2606 |  0.00064 | 42.8% | 29.2% | 81.5% |  39.3 | 0.000821  (12s)
  65 |   0.2664 |   0.2601 |  0.00063 | 43.4% | 29.5% | 83.4% |  38.7 | 0.000796  (12s)
        ★ New best! F1=43.4% FC=38.7mm
  66 |   0.2668 |   0.2605 |  0.00063 | 42.1% | 28.4% | 83.0% |  40.1 | 0.000770  (12s)
  67 |   0.2656 |   0.2594 |  0.00063 | 41.9% | 28.0% | 84.8% |  40.0 | 0.000743  (12s)
  68 |   0.2656 |   0.2595 |  0.00061 | 42.8% | 29.1% | 82.2% |  40.9 | 0.000716  (12s)
  69 |   0.2650 |   0.2590 |  0.00060 | 42.6% | 28.8% | 83.4% |  38.8 | 0.000687  (12s)
  70 |   0.2642 |   0.2581 |  0.00061 | 41.9% | 27.8% | 86.5% |  38.3 | 0.000658  (12s)
  71 |   0.2650 |   0.2590 |  0.00060 | 42.6% | 29.0% | 81.4% |  38.5 | 0.000628  (12s)
  72 |   0.2634 |   0.2577 |  0.00057 | 42.7% | 29.0% | 82.3% |  38.8 | 0.000598  (12s)
  73 |   0.2636 |   0.2577 |  0.00059 | 42.9% | 29.1% | 83.3% |  39.6 | 0.000567  (12s)
  74 |   0.2627 |   0.2567 |  0.00059 | 41.7% | 27.6% | 86.3% |  38.8 | 0.000536  (12s)
  75 |   0.2619 |   0.2561 |  0.00058 | 42.0% | 28.4% | 82.6% |  38.9 | 0.000505  (12s)
  76 |   0.2609 |   0.2553 |  0.00056 | 42.9% | 29.0% | 83.4% |  39.5 | 0.000474  (12s)
  77 |   0.2609 |   0.2552 |  0.00057 | 43.5% | 30.1% | 79.4% |  37.7 | 0.000443  (12s)
        ★ New best! F1=43.5% FC=37.7mm
  78 |   0.2605 |   0.2550 |  0.00055 | 43.6% | 30.0% | 81.5% |  38.5 | 0.000412  (12s)
        ★ New best! F1=43.6% FC=38.5mm
  79 |   0.2602 |   0.2547 |  0.00055 | 43.3% | 29.3% | 83.7% |  38.2 | 0.000382  (12s)
  80 |   0.2601 |   0.2546 |  0.00055 | 43.1% | 29.7% | 79.9% |  39.6 | 0.000352  (12s)
  81 |   0.2591 |   0.2539 |  0.00052 | 43.2% | 29.8% | 79.8% |  37.9 | 0.000323  (12s)
  82 |   0.2590 |   0.2534 |  0.00056 | 42.6% | 29.1% | 80.4% |  38.7 | 0.000294  (12s)
  83 |   0.2588 |   0.2535 |  0.00053 | 42.9% | 29.2% | 82.1% |  38.8 | 0.000267  (12s)
  84 |   0.2583 |   0.2530 |  0.00053 | 43.0% | 29.1% | 83.5% |  39.0 | 0.000240  (12s)
  85 |   0.2576 |   0.2523 |  0.00053 | 42.9% | 29.3% | 81.2% |  38.6 | 0.000214  (12s)
  86 |   0.2574 |   0.2522 |  0.00052 | 43.0% | 29.1% | 83.9% |  38.7 | 0.000189  (12s)
  87 |   0.2566 |   0.2516 |  0.00051 | 43.4% | 29.7% | 82.1% |  38.9 | 0.000166  (12s)
  88 |   0.2566 |   0.2515 |  0.00050 | 42.8% | 28.8% | 85.0% |  37.8 | 0.000144  (12s)
  89 |   0.2566 |   0.2516 |  0.00050 | 43.2% | 29.4% | 82.7% |  37.8 | 0.000124  (12s)
  90 |   0.2562 |   0.2513 |  0.00050 | 43.3% | 29.4% | 83.4% |  37.9 | 0.000105  (12s)
  91 |   0.2555 |   0.2505 |  0.00050 | 42.8% | 29.0% | 83.3% |  38.2 | 0.000087  (12s)
  92 |   0.2555 |   0.2506 |  0.00049 | 43.1% | 29.3% | 82.7% |  38.2 | 0.000071  (12s)
  93 |   0.2553 |   0.2503 |  0.00050 | 43.3% | 29.5% | 83.0% |  38.0 | 0.000057  (12s)
  94 |   0.2558 |   0.2509 |  0.00049 | 42.9% | 29.0% | 83.6% |  38.0 | 0.000045  (12s)
  95 |   0.2552 |   0.2503 |  0.00049 | 42.9% | 29.1% | 83.2% |  38.1 | 0.000034  (12s)
  96 |   0.2552 |   0.2503 |  0.00049 | 43.1% | 29.3% | 82.9% |  38.2 | 0.000026  (12s)
  97 |   0.2552 |   0.2503 |  0.00049 | 43.2% | 29.3% | 83.1% |  38.2 | 0.000019  (12s)
  98 |   0.2549 |   0.2501 |  0.00049 | 42.9% | 29.1% | 82.9% |  38.1 | 0.000014  (12s)
  99 |   0.2548 |   0.2500 |  0.00048 | 43.0% | 29.1% | 83.7% |  38.0 | 0.000011  (12s)
 100 |   0.2537 |   0.2489 |  0.00048 | 43.1% | 29.3% | 83.3% |  38.2 | 0.001000  (12s)
 101 |   0.2621 |   0.2557 |  0.00064 | 43.7% | 30.2% | 81.0% |  38.7 | 0.000999  (12s)
        ★ New best! F1=43.7% FC=38.7mm
 102 |   0.2628 |   0.2564 |  0.00064 | 43.3% | 30.2% | 78.1% |  38.6 | 0.000996  (12s)
 103 |   0.2616 |   0.2555 |  0.00061 | 42.7% | 29.0% | 82.3% |  39.9 | 0.000991  (12s)
 104 |   0.2626 |   0.2565 |  0.00062 | 43.5% | 30.0% | 80.5% |  38.0 | 0.000984  (12s)
 105 |   0.2630 |   0.2567 |  0.00063 | 42.4% | 28.4% | 85.4% |  38.9 | 0.000976  (12s)
 106 |   0.2617 |   0.2555 |  0.00062 | 42.9% | 28.9% | 84.6% |  41.3 | 0.000965  (12s)
 107 |   0.2627 |   0.2567 |  0.00061 | 42.4% | 28.7% | 83.0% |  39.5 | 0.000953  (12s)
 108 |   0.2610 |   0.2549 |  0.00061 | 43.5% | 30.4% | 77.5% |  42.2 | 0.000939  (12s)
 109 |   0.2606 |   0.2547 |  0.00059 | 41.9% | 28.2% | 82.8% |  39.4 | 0.000923  (12s)
 110 |   0.2613 |   0.2554 |  0.00059 | 42.1% | 29.1% | 77.3% |  40.6 | 0.000905  (12s)
 111 |   0.2604 |   0.2546 |  0.00058 | 43.4% | 30.2% | 78.6% |  39.4 | 0.000886  (12s)
 112 |   0.2596 |   0.2537 |  0.00059 | 43.0% | 29.7% | 79.4% |  39.0 | 0.000866  (12s)
 113 |   0.2597 |   0.2539 |  0.00058 | 42.6% | 28.8% | 83.5% |  41.1 | 0.000844  (12s)
 114 |   0.2596 |   0.2537 |  0.00059 | 42.4% | 28.2% | 86.1% |  39.3 | 0.000821  (12s)
 115 |   0.2598 |   0.2542 |  0.00056 | 43.7% | 30.5% | 78.1% |  39.9 | 0.000796  (12s)
 116 |   0.2586 |   0.2529 |  0.00058 | 43.3% | 30.6% | 75.0% |  37.3 | 0.000770  (12s)
 117 |   0.2587 |   0.2532 |  0.00055 | 43.6% | 30.4% | 78.6% |  39.3 | 0.000743  (12s)
 118 |   0.2579 |   0.2522 |  0.00056 | 43.9% | 30.7% | 78.1% |  38.6 | 0.000716  (12s)
        ★ New best! F1=43.9% FC=38.6mm
 119 |   0.2577 |   0.2522 |  0.00055 | 43.7% | 29.9% | 82.2% |  39.2 | 0.000687  (12s)
 120 |   0.2571 |   0.2517 |  0.00054 | 42.8% | 28.8% | 84.2% |  39.5 | 0.000658  (12s)
 121 |   0.2563 |   0.2510 |  0.00053 | 43.3% | 30.3% | 76.8% |  38.2 | 0.000628  (12s)
 122 |   0.2571 |   0.2516 |  0.00055 | 43.5% | 30.1% | 79.3% |  39.0 | 0.000598  (12s)
 123 |   0.2560 |   0.2508 |  0.00052 | 42.7% | 29.2% | 80.8% |  38.6 | 0.000567  (12s)
 124 |   0.2554 |   0.2499 |  0.00055 | 43.6% | 30.3% | 79.0% |  38.7 | 0.000536  (12s)
 125 |   0.2550 |   0.2498 |  0.00052 | 42.6% | 29.0% | 81.0% |  39.2 | 0.000505  (12s)
 126 |   0.2552 |   0.2501 |  0.00051 | 43.6% | 30.0% | 80.8% |  39.6 | 0.000474  (12s)
 127 |   0.2546 |   0.2494 |  0.00052 | 43.5% | 30.1% | 79.5% |  40.2 | 0.000443  (12s)
 128 |   0.2539 |   0.2489 |  0.00050 | 43.3% | 30.0% | 78.6% |  38.9 | 0.000412  (12s)
 129 |   0.2539 |   0.2488 |  0.00051 | 42.5% | 29.0% | 80.5% |  38.3 | 0.000382  (12s)
 130 |   0.2532 |   0.2482 |  0.00050 | 42.5% | 29.1% | 80.1% |  39.3 | 0.000352  (12s)
 131 |   0.2537 |   0.2486 |  0.00051 | 42.7% | 29.0% | 82.1% |  37.9 | 0.000323  (12s)
 132 |   0.2526 |   0.2477 |  0.00049 | 42.4% | 28.9% | 80.9% |  38.8 | 0.000294  (12s)
 133 |   0.2528 |   0.2479 |  0.00050 | 41.9% | 28.4% | 81.1% |  38.9 | 0.000267  (12s)
 134 |   0.2518 |   0.2470 |  0.00048 | 43.1% | 29.5% | 81.5% |  38.2 | 0.000240  (12s)
 135 |   0.2508 |   0.2460 |  0.00048 | 43.2% | 29.6% | 81.9% |  38.1 | 0.000214  (12s)
 136 |   0.2513 |   0.2466 |  0.00048 | 43.0% | 29.4% | 81.3% |  37.8 | 0.000189  (12s)
 137 |   0.2511 |   0.2464 |  0.00048 | 42.7% | 29.4% | 79.5% |  37.7 | 0.000166  (12s)
 138 |   0.2512 |   0.2464 |  0.00048 | 42.8% | 29.1% | 81.8% |  39.3 | 0.000144  (12s)
 139 |   0.2499 |   0.2453 |  0.00046 | 43.5% | 30.1% | 79.7% |  38.7 | 0.000124  (12s)
 140 |   0.2497 |   0.2451 |  0.00047 | 43.1% | 29.7% | 80.2% |  38.5 | 0.000105  (12s)
 141 |   0.2500 |   0.2453 |  0.00047 | 43.1% | 29.7% | 79.5% |  38.6 | 0.000087  (12s)
 142 |   0.2498 |   0.2452 |  0.00047 | 42.7% | 29.2% | 80.7% |  38.6 | 0.000071  (12s)
 143 |   0.2487 |   0.2442 |  0.00045 | 43.1% | 29.5% | 80.8% |  38.8 | 0.000057  (12s)
 144 |   0.2490 |   0.2445 |  0.00045 | 43.0% | 29.4% | 81.0% |  38.8 | 0.000045  (12s)
 145 |   0.2488 |   0.2442 |  0.00045 | 42.8% | 29.3% | 80.3% |  38.2 | 0.000034  (12s)
 146 |   0.2483 |   0.2436 |  0.00046 | 42.9% | 29.5% | 79.7% |  38.4 | 0.000026  (12s)
 147 |   0.2492 |   0.2445 |  0.00046 | 43.1% | 29.6% | 80.3% |  38.4 | 0.000019  (12s)
 148 |   0.2491 |   0.2445 |  0.00046 | 43.1% | 29.6% | 80.0% |  38.7 | 0.000014  (12s)
 149 |   0.2488 |   0.2442 |  0.00045 | 43.1% | 29.4% | 81.4% |  38.2 | 0.000011  (12s)
 150 |   0.2484 |   0.2439 |  0.00046 | 43.0% | 29.4% | 81.7% |  38.3 | 0.001000  (12s)
 151 |   0.2559 |   0.2502 |  0.00057 | 42.8% | 29.3% | 80.2% |  38.6 | 0.000999  (12s)
 152 |   0.2568 |   0.2509 |  0.00060 | 42.0% | 28.8% | 78.9% |  37.2 | 0.000996  (12s)
 153 |   0.2563 |   0.2506 |  0.00057 | 42.6% | 29.5% | 77.9% |  39.4 | 0.000991  (12s)
 154 |   0.2555 |   0.2500 |  0.00054 | 42.2% | 29.4% | 75.8% |  39.0 | 0.000984  (12s)
 155 |   0.2563 |   0.2508 |  0.00055 | 42.8% | 29.3% | 80.8% |  38.2 | 0.000976  (12s)
 156 |   0.2564 |   0.2509 |  0.00055 | 42.1% | 28.9% | 79.4% |  44.0 | 0.000965  (12s)
 157 |   0.2552 |   0.2498 |  0.00054 | 42.3% | 28.5% | 83.9% |  39.1 | 0.000953  (12s)
 158 |   0.2556 |   0.2503 |  0.00052 | 40.7% | 26.7% | 86.9% |  38.1 | 0.000939  (12s)
 159 |   0.2545 |   0.2491 |  0.00053 | 42.0% | 28.4% | 81.5% |  40.0 | 0.000923  (12s)
 160 |   0.2548 |   0.2497 |  0.00051 | 42.9% | 29.2% | 82.1% |  38.6 | 0.000905  (12s)
 161 |   0.2544 |   0.2491 |  0.00053 | 42.1% | 28.1% | 85.7% |  39.4 | 0.000886  (12s)
 162 |   0.2538 |   0.2485 |  0.00053 | 43.5% | 30.8% | 75.2% |  40.4 | 0.000866  (12s)
 163 |   0.2537 |   0.2487 |  0.00051 | 42.7% | 28.7% | 84.9% |  39.0 | 0.000844  (12s)
 164 |   0.2531 |   0.2481 |  0.00050 | 43.1% | 29.4% | 82.1% |  39.8 | 0.000821  (12s)
 165 |   0.2534 |   0.2482 |  0.00052 | 42.7% | 29.4% | 78.8% |  38.5 | 0.000796  (12s)
 166 |   0.2532 |   0.2481 |  0.00051 | 41.9% | 28.5% | 80.3% |  37.7 | 0.000770  (12s)
 167 |   0.2521 |   0.2470 |  0.00051 | 42.2% | 28.9% | 79.4% |  39.8 | 0.000743  (12s)
 168 |   0.2524 |   0.2474 |  0.00050 | 43.2% | 30.0% | 78.3% |  40.5 | 0.000716  (12s)
 169 |   0.2525 |   0.2473 |  0.00051 | 43.2% | 29.9% | 79.2% |  38.7 | 0.000687  (12s)
 170 |   0.2519 |   0.2471 |  0.00049 | 43.1% | 29.7% | 79.5% |  38.7 | 0.000658  (12s)
 171 |   0.2510 |   0.2461 |  0.00049 | 42.9% | 29.2% | 82.0% |  39.6 | 0.000628  (12s)
 172 |   0.2516 |   0.2466 |  0.00049 | 42.2% | 28.7% | 81.4% |  39.0 | 0.000598  (12s)
 173 |   0.2505 |   0.2456 |  0.00049 | 42.2% | 28.4% | 83.2% |  39.1 | 0.000567  (12s)
 174 |   0.2498 |   0.2450 |  0.00048 | 43.6% | 29.6% | 84.2% |  38.0 | 0.000536  (12s)
 175 |   0.2495 |   0.2446 |  0.00048 | 42.5% | 28.9% | 81.8% |  38.3 | 0.000505  (12s)
 176 |   0.2494 |   0.2447 |  0.00047 | 42.3% | 28.9% | 79.6% |  38.3 | 0.000474  (12s)
 177 |   0.2490 |   0.2442 |  0.00048 | 42.7% | 29.4% | 78.7% |  38.3 | 0.000443  (12s)
 178 |   0.2485 |   0.2438 |  0.00047 | 42.5% | 28.9% | 81.4% |  38.1 | 0.000412  (12s)
 179 |   0.2488 |   0.2442 |  0.00046 | 42.4% | 29.2% | 78.4% |  38.7 | 0.000382  (12s)
 180 |   0.2483 |   0.2435 |  0.00047 | 43.3% | 29.8% | 79.8% |  38.1 | 0.000352  (12s)
 181 |   0.2477 |   0.2430 |  0.00047 | 41.8% | 28.2% | 82.0% |  38.0 | 0.000323  (12s)
 182 |   0.2478 |   0.2431 |  0.00047 | 42.6% | 29.5% | 77.8% |  38.0 | 0.000294  (12s)
 183 |   0.2479 |   0.2433 |  0.00046 | 43.5% | 30.0% | 80.4% |  38.1 | 0.000267  (12s)
 184 |   0.2467 |   0.2421 |  0.00046 | 43.1% | 29.7% | 80.0% |  38.0 | 0.000240  (12s)
 185 |   0.2459 |   0.2414 |  0.00045 | 43.0% | 29.5% | 81.0% |  38.0 | 0.000214  (12s)
 186 |   0.2457 |   0.2411 |  0.00045 | 43.1% | 29.8% | 78.6% |  38.9 | 0.000189  (12s)
 187 |   0.2464 |   0.2418 |  0.00046 | 43.0% | 29.6% | 80.1% |  38.1 | 0.000166  (12s)
 188 |   0.2458 |   0.2411 |  0.00046 | 43.1% | 29.6% | 80.4% |  38.2 | 0.000144  (12s)
 189 |   0.2452 |   0.2407 |  0.00046 | 42.9% | 29.4% | 81.2% |  38.7 | 0.000124  (12s)
 190 |   0.2451 |   0.2406 |  0.00045 | 43.0% | 29.8% | 78.4% |  38.7 | 0.000105  (12s)
 191 |   0.2452 |   0.2406 |  0.00046 | 43.1% | 29.7% | 79.6% |  38.5 | 0.000087  (12s)
 192 |   0.2446 |   0.2401 |  0.00045 | 43.1% | 29.7% | 80.0% |  37.8 | 0.000071  (12s)
 193 |   0.2444 |   0.2400 |  0.00044 | 42.9% | 29.6% | 78.8% |  38.4 | 0.000057  (12s)
 194 |   0.2445 |   0.2400 |  0.00045 | 43.2% | 29.9% | 78.8% |  37.9 | 0.000045  (12s)
 195 |   0.2446 |   0.2403 |  0.00044 | 43.0% | 29.7% | 79.4% |  37.9 | 0.000034  (12s)
 196 |   0.2452 |   0.2407 |  0.00045 | 42.9% | 29.7% | 78.7% |  38.4 | 0.000026  (12s)
 197 |   0.2445 |   0.2401 |  0.00044 | 43.2% | 29.8% | 79.4% |  38.5 | 0.000019  (12s)
 198 |   0.2444 |   0.2400 |  0.00044 | 43.2% | 29.7% | 80.5% |  38.0 | 0.000014  (12s)
 199 |   0.2439 |   0.2395 |  0.00044 | 43.0% | 29.5% | 80.1% |  38.0 | 0.000011  (12s)
 200 |   0.2443 |   0.2399 |  0.00044 | 43.1% | 29.6% | 80.6% |  38.6 | 0.001000  (12s)

======================================================================
TRAINING COMPLETE (v5 Multi-Task)
  Train objects: 47
  Val objects:   11 (UNSEEN during training)
  Best Val F1:   43.9%
  Best model:    /home/lyh/Project/Affordance2Grasp/output/checkpoints_v5/best_model.pth
======================================================================
