nohup: ignoring input
======================================================================
PointNet++ Affordance Training v5 — Multi-Task
======================================================================
  ⭐ Multi-Task: 接触分割 + 受力中心回归
  Device:      cuda
  GPU:         NVIDIA GeForce RTX 4080 SUPER
  Epochs:      200
  Batch size:  16
  LR:          0.001
  FC λ:        10.0
  Dataset:     /home/lyh/Project/Affordance2Grasp/output/dataset
  Checkpoints: /home/lyh/Project/Affordance2Grasp/output/checkpoints_v5

--- Object-level Split ---
  Train objects (47): ['A02012', 'A02014', 'A02015', 'A02018', 'A02028', 'A02029', 'A02030', 'A02031']...
  Val objects   (11):   ['A02011', 'A02021', 'A15027', 'A16012', 'O03001', 'S10007', 'S10010', 'S10017', 'S10019', 'S10021', 'S15004']
  ✅ Zero overlap between train/val objects

  Loading train data...
    Loaded 2430 samples (47 objects), force_centers: 2430/2430 valid
  Loading val data (from val.h5)...
    Loaded 146 samples (11 objects), force_centers: 146/146 valid
  Loading val data (from train.h5)...
    Loaded 586 samples (11 objects), force_centers: 586/586 valid
  Loading extra train data (from val.h5)...
    Loaded 609 samples (47 objects), force_centers: 609/609 valid

  Summary:
    Train: 3039 samples, 47 objects, contact=7.3%, fc=3039
    Val:   732 samples, 11 objects, contact=7.4%, fc=732

  Model params:  976,453
  Seg Loss: Focal(α=0.75,γ=2) + Tversky(α=0.3,β=0.7)
  FC Loss:  MSE × λ=10.0

================================================================================
  Ep |     Loss |      Seg |       FC |     F1 |      P |      R |  FC mm |       LR
--------------------------------------------------------------------------------
   1 |   0.5077 |   0.3545 |  0.01532 | 14.7% |  8.2% | 77.3% |  43.5 | 0.000999  (12s)
        ★ New best! F1=14.7% FC=43.5mm
   2 |   0.3614 |   0.3491 |  0.00123 | 15.5% |  8.8% | 68.0% |  49.9 | 0.000996  (12s)
        ★ New best! F1=15.5% FC=49.9mm
   3 |   0.3583 |   0.3476 |  0.00107 | 18.1% | 12.1% | 37.1% |  46.0 | 0.000991  (12s)
        ★ New best! F1=18.1% FC=46.0mm
   4 |   0.3558 |   0.3456 |  0.00102 | 22.1% | 15.6% | 40.1% |  41.2 | 0.000984  (12s)
        ★ New best! F1=22.1% FC=41.2mm
   5 |   0.3548 |   0.3447 |  0.00101 | 20.6% | 14.6% | 36.7% |  43.1 | 0.000976  (12s)
   6 |   0.3529 |   0.3432 |  0.00097 | 21.1% | 13.1% | 55.4% |  42.9 | 0.000965  (12s)
   7 |   0.3519 |   0.3423 |  0.00096 | 21.9% | 16.8% | 33.6% |  40.6 | 0.000953  (12s)
   8 |   0.3507 |   0.3415 |  0.00092 | 20.1% | 12.8% | 49.7% |  44.7 | 0.000939  (12s)
   9 |   0.3505 |   0.3419 |  0.00087 | 20.0% | 12.8% | 47.8% |  42.7 | 0.000923  (12s)
  10 |   0.3498 |   0.3409 |  0.00089 | 19.9% | 12.4% | 53.0% |  44.8 | 0.000905  (12s)
  11 |   0.3503 |   0.3408 |  0.00095 | 18.4% | 11.8% | 44.2% |  42.1 | 0.000886  (12s)
  12 |   0.3495 |   0.3407 |  0.00088 | 21.6% | 14.8% | 41.9% |  40.0 | 0.000866  (12s)
  13 |   0.3481 |   0.3394 |  0.00087 | 21.0% | 13.3% | 51.8% |  40.5 | 0.000844  (14s)
  14 |   0.3473 |   0.3389 |  0.00084 | 19.3% | 11.5% | 63.1% |  38.6 | 0.000821  (14s)
  15 |   0.3474 |   0.3390 |  0.00083 | 21.4% | 13.6% | 52.7% |  38.5 | 0.000796  (14s)
  16 |   0.3460 |   0.3378 |  0.00083 | 19.9% | 12.0% | 59.3% |  39.6 | 0.000770  (14s)
  17 |   0.3452 |   0.3370 |  0.00082 | 22.4% | 14.9% | 46.3% |  40.7 | 0.000743  (14s)
        ★ New best! F1=22.4% FC=40.7mm
  18 |   0.3451 |   0.3372 |  0.00080 | 21.4% | 13.5% | 53.6% |  40.4 | 0.000716  (14s)
  19 |   0.3450 |   0.3366 |  0.00084 | 21.5% | 14.0% | 47.9% |  40.5 | 0.000687  (13s)
  20 |   0.3438 |   0.3361 |  0.00077 | 21.0% | 13.5% | 48.5% |  42.8 | 0.000658  (14s)
  21 |   0.3436 |   0.3360 |  0.00076 | 21.7% | 15.0% | 41.0% |  41.7 | 0.000628  (14s)
  22 |   0.3425 |   0.3350 |  0.00074 | 22.1% | 13.9% | 55.7% |  40.1 | 0.000598  (14s)
  23 |   0.3425 |   0.3353 |  0.00072 | 21.5% | 13.9% | 49.4% |  38.3 | 0.000567  (14s)
  24 |   0.3409 |   0.3340 |  0.00068 | 21.2% | 13.2% | 55.6% |  40.1 | 0.000536  (14s)
  25 |   0.3406 |   0.3335 |  0.00072 | 21.2% | 14.1% | 44.4% |  43.2 | 0.000505  (14s)
  26 |   0.3391 |   0.3322 |  0.00069 | 21.2% | 13.4% | 52.6% |  41.9 | 0.000474  (14s)
  27 |   0.3387 |   0.3319 |  0.00068 | 20.0% | 12.4% | 53.3% |  40.0 | 0.000443  (14s)
  28 |   0.3380 |   0.3311 |  0.00069 | 21.7% | 13.8% | 52.8% |  39.8 | 0.000412  (13s)
  29 |   0.3384 |   0.3316 |  0.00068 | 22.4% | 14.4% | 51.8% |  40.7 | 0.000382  (13s)
  30 |   0.3367 |   0.3299 |  0.00068 | 21.7% | 14.2% | 47.8% |  37.2 | 0.000352  (14s)
  31 |   0.3368 |   0.3303 |  0.00066 | 21.4% | 13.6% | 51.8% |  38.2 | 0.000323  (12s)
  32 |   0.3361 |   0.3295 |  0.00066 | 21.4% | 13.8% | 49.1% |  38.0 | 0.000294  (13s)
  33 |   0.3356 |   0.3291 |  0.00065 | 21.6% | 14.1% | 47.5% |  39.1 | 0.000267  (14s)
  34 |   0.3341 |   0.3278 |  0.00063 | 21.4% | 13.7% | 50.1% |  39.9 | 0.000240  (14s)
  35 |   0.3343 |   0.3280 |  0.00063 | 21.4% | 13.8% | 48.5% |  39.0 | 0.000214  (14s)
  36 |   0.3337 |   0.3276 |  0.00061 | 20.7% | 13.1% | 51.3% |  38.0 | 0.000189  (14s)
  37 |   0.3324 |   0.3262 |  0.00061 | 20.5% | 12.9% | 50.7% |  38.9 | 0.000166  (14s)
  38 |   0.3328 |   0.3267 |  0.00061 | 21.3% | 14.0% | 45.9% |  38.0 | 0.000144  (14s)
  39 |   0.3325 |   0.3266 |  0.00059 | 21.5% | 13.9% | 48.9% |  39.0 | 0.000124  (14s)
  40 |   0.3322 |   0.3262 |  0.00060 | 21.0% | 13.4% | 49.8% |  39.1 | 0.000105  (14s)
  41 |   0.3312 |   0.3255 |  0.00056 | 21.8% | 14.2% | 48.6% |  38.6 | 0.000087  (14s)
  42 |   0.3299 |   0.3242 |  0.00057 | 21.9% | 14.4% | 47.4% |  38.4 | 0.000071  (14s)
  43 |   0.3311 |   0.3254 |  0.00057 | 21.1% | 13.5% | 49.1% |  38.0 | 0.000057  (14s)
  44 |   0.3306 |   0.3251 |  0.00056 | 21.5% | 13.9% | 48.0% |  37.5 | 0.000045  (14s)
  45 |   0.3308 |   0.3252 |  0.00056 | 21.4% | 14.0% | 46.9% |  38.4 | 0.000034  (14s)
  46 |   0.3299 |   0.3244 |  0.00055 | 21.5% | 14.0% | 48.0% |  38.0 | 0.000026  (14s)
  47 |   0.3301 |   0.3245 |  0.00055 | 21.2% | 13.8% | 47.4% |  38.8 | 0.000019  (14s)
  48 |   0.3295 |   0.3240 |  0.00055 | 21.4% | 13.9% | 47.5% |  38.1 | 0.000014  (14s)
  49 |   0.3297 |   0.3243 |  0.00054 | 21.2% | 13.8% | 47.2% |  38.5 | 0.000011  (14s)
  50 |   0.3300 |   0.3245 |  0.00055 | 21.4% | 13.9% | 48.3% |  38.0 | 0.001000  (15s)
  51 |   0.3387 |   0.3299 |  0.00088 | 20.1% | 12.7% | 49.6% |  45.2 | 0.000999  (14s)
  52 |   0.3397 |   0.3303 |  0.00094 | 23.6% | 17.0% | 39.8% |  48.7 | 0.000996  (14s)
        ★ New best! F1=23.6% FC=48.7mm
  53 |   0.3395 |   0.3311 |  0.00084 | 21.5% | 14.4% | 43.8% |  42.5 | 0.000991  (14s)
  54 |   0.3392 |   0.3310 |  0.00082 | 22.7% | 15.0% | 47.5% |  39.7 | 0.000984  (13s)
  55 |   0.3383 |   0.3308 |  0.00075 | 21.4% | 14.0% | 46.9% |  39.4 | 0.000976  (12s)
  56 |   0.3380 |   0.3304 |  0.00076 | 21.1% | 13.5% | 49.6% |  41.3 | 0.000965  (12s)
  57 |   0.3376 |   0.3296 |  0.00079 | 20.7% | 13.1% | 50.2% |  41.0 | 0.000953  (12s)
  58 |   0.3362 |   0.3290 |  0.00072 | 21.2% | 13.4% | 53.8% |  42.8 | 0.000939  (12s)
  59 |   0.3362 |   0.3287 |  0.00074 | 20.8% | 13.8% | 43.7% |  43.3 | 0.000923  (12s)
  60 |   0.3367 |   0.3292 |  0.00075 | 20.9% | 13.3% | 50.6% |  39.2 | 0.000905  (12s)
  61 |   0.3357 |   0.3284 |  0.00073 | 21.2% | 13.2% | 56.0% |  39.0 | 0.000886  (12s)
  62 |   0.3339 |   0.3272 |  0.00068 | 20.7% | 13.5% | 46.2% |  40.2 | 0.000866  (12s)
  63 |   0.3347 |   0.3275 |  0.00072 | 20.3% | 12.8% | 51.4% |  39.2 | 0.000844  (12s)
  64 |   0.3346 |   0.3274 |  0.00072 | 20.9% | 13.4% | 48.7% |  39.7 | 0.000821  (12s)
  65 |   0.3328 |   0.3259 |  0.00069 | 21.2% | 14.2% | 43.9% |  39.4 | 0.000796  (12s)
  66 |   0.3324 |   0.3254 |  0.00070 | 20.8% | 13.3% | 50.0% |  39.4 | 0.000770  (12s)
  67 |   0.3316 |   0.3250 |  0.00066 | 21.9% | 14.5% | 46.3% |  40.3 | 0.000743  (12s)
  68 |   0.3317 |   0.3252 |  0.00066 | 21.5% | 14.2% | 45.6% |  38.7 | 0.000716  (12s)
  69 |   0.3314 |   0.3250 |  0.00065 | 21.5% | 13.3% | 57.3% |  38.1 | 0.000687  (12s)
  70 |   0.3305 |   0.3238 |  0.00067 | 22.3% | 14.7% | 47.9% |  39.8 | 0.000658  (12s)
  71 |   0.3303 |   0.3238 |  0.00065 | 20.6% | 12.9% | 53.2% |  39.3 | 0.000628  (12s)
  72 |   0.3292 |   0.3228 |  0.00064 | 22.2% | 14.9% | 44.7% |  38.3 | 0.000598  (12s)
  73 |   0.3286 |   0.3223 |  0.00064 | 21.2% | 14.0% | 44.5% |  39.7 | 0.000567  (12s)
  74 |   0.3285 |   0.3222 |  0.00064 | 22.0% | 14.4% | 49.2% |  39.6 | 0.000536  (12s)
  75 |   0.3285 |   0.3221 |  0.00064 | 20.5% | 12.7% | 54.9% |  41.1 | 0.000505  (12s)
  76 |   0.3284 |   0.3221 |  0.00063 | 20.8% | 14.0% | 41.0% |  41.9 | 0.000474  (12s)
  77 |   0.3272 |   0.3212 |  0.00061 | 20.3% | 13.4% | 44.1% |  39.2 | 0.000443  (12s)
  78 |   0.3260 |   0.3201 |  0.00059 | 19.8% | 12.4% | 50.8% |  42.0 | 0.000412  (12s)
  79 |   0.3261 |   0.3202 |  0.00059 | 20.7% | 13.4% | 47.8% |  39.5 | 0.000382  (12s)
  80 |   0.3257 |   0.3199 |  0.00059 | 20.6% | 13.2% | 48.2% |  39.9 | 0.000352  (12s)
  81 |   0.3251 |   0.3194 |  0.00056 | 20.8% | 13.2% | 51.2% |  42.6 | 0.000323  (12s)
  82 |   0.3251 |   0.3194 |  0.00057 | 20.8% | 13.4% | 48.2% |  39.7 | 0.000294  (12s)
  83 |   0.3245 |   0.3188 |  0.00057 | 21.0% | 13.6% | 47.9% |  38.0 | 0.000267  (12s)
  84 |   0.3241 |   0.3186 |  0.00055 | 21.5% | 13.9% | 49.1% |  39.0 | 0.000240  (12s)
  85 |   0.3243 |   0.3186 |  0.00056 | 20.4% | 13.3% | 45.3% |  39.2 | 0.000214  (12s)
  86 |   0.3232 |   0.3176 |  0.00055 | 21.1% | 13.4% | 50.7% |  39.7 | 0.000189  (12s)
  87 |   0.3225 |   0.3171 |  0.00054 | 21.1% | 13.6% | 48.7% |  38.9 | 0.000166  (12s)
  88 |   0.3214 |   0.3160 |  0.00054 | 21.1% | 13.5% | 50.0% |  38.8 | 0.000144  (12s)
  89 |   0.3227 |   0.3173 |  0.00054 | 21.0% | 13.7% | 47.0% |  39.6 | 0.000124  (12s)
  90 |   0.3216 |   0.3162 |  0.00054 | 21.1% | 13.8% | 46.3% |  38.8 | 0.000105  (12s)
  91 |   0.3218 |   0.3165 |  0.00053 | 20.9% | 13.5% | 47.5% |  39.8 | 0.000087  (12s)
  92 |   0.3210 |   0.3158 |  0.00052 | 20.6% | 13.1% | 49.3% |  39.7 | 0.000071  (12s)
  93 |   0.3216 |   0.3164 |  0.00051 | 20.7% | 13.1% | 51.8% |  39.0 | 0.000057  (12s)
  94 |   0.3212 |   0.3161 |  0.00052 | 21.0% | 13.4% | 50.4% |  38.5 | 0.000045  (12s)
  95 |   0.3209 |   0.3158 |  0.00051 | 21.0% | 13.3% | 50.5% |  39.3 | 0.000034  (12s)
  96 |   0.3201 |   0.3150 |  0.00051 | 21.1% | 13.4% | 50.5% |  38.9 | 0.000026  (12s)
  97 |   0.3208 |   0.3157 |  0.00051 | 20.7% | 13.1% | 50.9% |  38.5 | 0.000019  (12s)
  98 |   0.3205 |   0.3155 |  0.00050 | 20.6% | 13.2% | 48.5% |  38.8 | 0.000014  (12s)
  99 |   0.3205 |   0.3154 |  0.00051 | 21.0% | 13.4% | 50.1% |  38.3 | 0.000011  (12s)
 100 |   0.3205 |   0.3154 |  0.00051 | 20.9% | 13.4% | 49.3% |  39.0 | 0.001000  (12s)
 101 |   0.3273 |   0.3205 |  0.00068 | 20.4% | 14.0% | 39.3% |  40.4 | 0.000999  (12s)
 102 |   0.3295 |   0.3218 |  0.00077 | 19.7% | 12.3% | 50.8% |  38.3 | 0.000996  (12s)
 103 |   0.3294 |   0.3222 |  0.00072 | 21.9% | 14.7% | 44.5% |  40.7 | 0.000991  (12s)
 104 |   0.3276 |   0.3207 |  0.00069 | 21.6% | 13.7% | 52.8% |  38.1 | 0.000984  (12s)
 105 |   0.3281 |   0.3212 |  0.00068 | 21.2% | 13.2% | 56.2% |  40.6 | 0.000976  (12s)
 106 |   0.3284 |   0.3218 |  0.00066 | 21.6% | 13.9% | 50.9% |  40.6 | 0.000965  (12s)
 107 |   0.3274 |   0.3209 |  0.00064 | 20.6% | 13.4% | 46.0% |  38.0 | 0.000953  (12s)
 108 |   0.3271 |   0.3207 |  0.00065 | 22.0% | 14.2% | 50.1% |  39.1 | 0.000939  (12s)
 109 |   0.3257 |   0.3194 |  0.00063 | 21.9% | 14.3% | 48.0% |  39.2 | 0.000923  (12s)
 110 |   0.3264 |   0.3203 |  0.00061 | 22.2% | 14.4% | 50.2% |  38.9 | 0.000905  (12s)
 111 |   0.3268 |   0.3203 |  0.00065 | 22.8% | 14.5% | 55.9% |  39.3 | 0.000886  (12s)
 112 |   0.3248 |   0.3187 |  0.00061 | 21.5% | 13.3% | 58.3% |  39.3 | 0.000866  (12s)
 113 |   0.3259 |   0.3195 |  0.00064 | 20.8% | 13.6% | 46.0% |  38.6 | 0.000844  (12s)
 114 |   0.3250 |   0.3189 |  0.00061 | 21.9% | 15.4% | 39.5% |  38.5 | 0.000821  (12s)
 115 |   0.3238 |   0.3177 |  0.00061 | 21.5% | 13.7% | 52.5% |  38.5 | 0.000796  (12s)
 116 |   0.3233 |   0.3174 |  0.00058 | 21.1% | 14.1% | 43.4% |  37.5 | 0.000770  (12s)
 117 |   0.3234 |   0.3175 |  0.00059 | 22.2% | 14.6% | 47.1% |  38.1 | 0.000743  (12s)
 118 |   0.3229 |   0.3172 |  0.00057 | 20.6% | 13.5% | 45.1% |  39.4 | 0.000716  (12s)
 119 |   0.3220 |   0.3165 |  0.00056 | 22.1% | 14.5% | 47.3% |  40.1 | 0.000687  (12s)
 120 |   0.3226 |   0.3170 |  0.00056 | 20.9% | 13.5% | 46.9% |  40.2 | 0.000658  (12s)
 121 |   0.3218 |   0.3162 |  0.00056 | 20.8% | 13.2% | 50.6% |  39.2 | 0.000628  (12s)
 122 |   0.3212 |   0.3156 |  0.00055 | 21.9% | 14.6% | 45.1% |  38.9 | 0.000598  (12s)
 123 |   0.3214 |   0.3160 |  0.00054 | 21.3% | 13.8% | 48.1% |  39.0 | 0.000567  (12s)
 124 |   0.3208 |   0.3153 |  0.00054 | 22.0% | 14.1% | 51.3% |  39.1 | 0.000536  (12s)
 125 |   0.3200 |   0.3145 |  0.00055 | 22.1% | 14.7% | 45.8% |  38.6 | 0.000505  (12s)
 126 |   0.3201 |   0.3148 |  0.00053 | 22.2% | 14.6% | 48.4% |  38.1 | 0.000474  (12s)
 127 |   0.3189 |   0.3136 |  0.00054 | 20.2% | 13.8% | 39.1% |  38.4 | 0.000443  (12s)
 128 |   0.3176 |   0.3124 |  0.00052 | 21.4% | 13.8% | 48.4% |  38.2 | 0.000412  (12s)
 129 |   0.3181 |   0.3129 |  0.00052 | 22.1% | 15.0% | 43.2% |  39.4 | 0.000382  (12s)
 130 |   0.3182 |   0.3129 |  0.00052 | 21.9% | 14.7% | 45.1% |  39.6 | 0.000352  (12s)
 131 |   0.3171 |   0.3120 |  0.00052 | 22.7% | 15.3% | 45.2% |  40.0 | 0.000323  (12s)
 132 |   0.3172 |   0.3121 |  0.00051 | 22.0% | 14.4% | 47.8% |  39.4 | 0.000294  (12s)
 133 |   0.3163 |   0.3113 |  0.00050 | 22.4% | 14.6% | 49.2% |  40.0 | 0.000267  (12s)
 134 |   0.3159 |   0.3111 |  0.00049 | 22.5% | 14.3% | 54.9% |  38.7 | 0.000240  (12s)
 135 |   0.3158 |   0.3108 |  0.00050 | 22.5% | 14.7% | 48.6% |  39.6 | 0.000214  (12s)
 136 |   0.3154 |   0.3104 |  0.00050 | 22.2% | 14.5% | 48.3% |  39.4 | 0.000189  (12s)
 137 |   0.3152 |   0.3102 |  0.00050 | 22.8% | 14.7% | 52.2% |  39.3 | 0.000166  (12s)
 138 |   0.3143 |   0.3095 |  0.00048 | 22.8% | 14.9% | 50.3% |  39.2 | 0.000144  (12s)
 139 |   0.3145 |   0.3096 |  0.00049 | 22.0% | 14.1% | 51.3% |  39.1 | 0.000124  (12s)
 140 |   0.3141 |   0.3093 |  0.00049 | 22.5% | 14.7% | 48.6% |  39.1 | 0.000105  (12s)
 141 |   0.3137 |   0.3090 |  0.00047 | 22.3% | 14.8% | 46.9% |  38.9 | 0.000087  (12s)
 142 |   0.3139 |   0.3092 |  0.00047 | 22.3% | 14.7% | 47.6% |  38.7 | 0.000071  (12s)
 143 |   0.3143 |   0.3096 |  0.00047 | 21.9% | 14.2% | 49.6% |  38.7 | 0.000057  (12s)
 144 |   0.3138 |   0.3091 |  0.00048 | 21.9% | 14.3% | 47.3% |  39.3 | 0.000045  (12s)
 145 |   0.3130 |   0.3083 |  0.00047 | 22.2% | 14.4% | 50.0% |  38.9 | 0.000034  (12s)
 146 |   0.3128 |   0.3081 |  0.00046 | 22.1% | 14.4% | 48.8% |  39.5 | 0.000026  (12s)
 147 |   0.3125 |   0.3079 |  0.00046 | 22.2% | 14.4% | 49.0% |  39.7 | 0.000019  (12s)
 148 |   0.3135 |   0.3088 |  0.00046 | 22.2% | 14.5% | 48.7% |  39.0 | 0.000014  (12s)
 149 |   0.3129 |   0.3083 |  0.00047 | 22.2% | 14.6% | 47.8% |  39.0 | 0.000011  (12s)
 150 |   0.3130 |   0.3083 |  0.00047 | 21.9% | 14.3% | 48.7% |  38.9 | 0.001000  (12s)
 151 |   0.3209 |   0.3144 |  0.00065 | 21.3% | 13.6% | 50.5% |  39.1 | 0.000999  (12s)
