nohup: ignoring input
======================================================================
PointNet++ Affordance Training v5 — Multi-Task
======================================================================
  ⭐ Multi-Task: 接触分割 + 受力中心回归
  Device:      cuda
  GPU:         NVIDIA GeForce RTX 4080 SUPER
  Epochs:      200
  Batch size:  16
  LR:          0.001
  FC λ:        10.0
  Dataset:     /home/lyh/Project/Affordance2Grasp/output/dataset
  Checkpoints: /home/lyh/Project/Affordance2Grasp/output/checkpoints_v5

--- Object-level Split ---
  Train objects (47): ['A02012', 'A02014', 'A02015', 'A02018', 'A02028', 'A02029', 'A02030', 'A02031']...
  Val objects   (11):   ['A02011', 'A02021', 'A15027', 'A16012', 'O03001', 'S10007', 'S10010', 'S10017', 'S10019', 'S10021', 'S15004']
  ✅ Zero overlap between train/val objects

  Loading train data...
    Loaded 2430 samples (47 objects), force_centers: 2430/2430 valid
  Loading val data (from val.h5)...
    Loaded 146 samples (11 objects), force_centers: 146/146 valid
  Loading val data (from train.h5)...
    Loaded 586 samples (11 objects), force_centers: 586/586 valid
  Loading extra train data (from val.h5)...
    Loaded 609 samples (47 objects), force_centers: 609/609 valid

  Summary:
    Train: 3039 samples, 47 objects, contact=21.0%, fc=3039
    Val:   732 samples, 11 objects, contact=20.2%, fc=732

  Model params:  976,453
  Seg Loss: Focal(α=0.75,γ=2) + Tversky(α=0.3,β=0.7)
  FC Loss:  MSE × λ=10.0

================================================================================
  Ep |     Loss |      Seg |       FC |     F1 |      P |      R |  FC mm |       LR
--------------------------------------------------------------------------------
   1 |   0.4472 |   0.2924 |  0.01548 | 33.2% | 22.7% | 64.7% |  59.9 | 0.000999  (13s)
        ★ New best! F1=33.2% FC=59.9mm
   2 |   0.2968 |   0.2854 |  0.00114 | 37.2% | 23.3% | 93.2% |  53.2 | 0.000996  (13s)
        ★ New best! F1=37.2% FC=53.2mm
   3 |   0.2931 |   0.2826 |  0.00105 | 38.1% | 24.1% | 92.2% |  42.2 | 0.000991  (14s)
        ★ New best! F1=38.1% FC=42.2mm
   4 |   0.2906 |   0.2804 |  0.00102 | 40.1% | 27.6% | 74.3% |  43.6 | 0.000984  (14s)
        ★ New best! F1=40.1% FC=43.6mm
   5 |   0.2889 |   0.2792 |  0.00098 | 41.2% | 27.6% | 83.2% |  57.6 | 0.000976  (14s)
        ★ New best! F1=41.2% FC=57.6mm
   6 |   0.2879 |   0.2783 |  0.00096 | 41.3% | 30.3% | 65.9% |  51.4 | 0.000965  (13s)
        ★ New best! F1=41.3% FC=51.4mm
   7 |   0.2873 |   0.2780 |  0.00092 | 40.6% | 27.7% | 76.9% |  45.5 | 0.000953  (14s)
   8 |   0.2857 |   0.2765 |  0.00092 | 40.5% | 26.6% | 86.2% |  43.1 | 0.000939  (14s)
   9 |   0.2851 |   0.2759 |  0.00091 | 41.3% | 27.7% | 83.0% |  46.6 | 0.000923  (14s)
        ★ New best! F1=41.3% FC=46.6mm
  10 |   0.2835 |   0.2748 |  0.00087 | 40.5% | 27.3% | 79.7% |  41.5 | 0.000905  (14s)
  11 |   0.2831 |   0.2745 |  0.00086 | 41.3% | 28.2% | 78.2% |  39.1 | 0.000886  (13s)
  12 |   0.2830 |   0.2744 |  0.00086 | 41.1% | 27.8% | 80.5% |  42.6 | 0.000866  (14s)
  13 |   0.2822 |   0.2737 |  0.00085 | 40.5% | 27.8% | 75.6% |  40.8 | 0.000844  (14s)
  14 |   0.2812 |   0.2727 |  0.00085 | 41.4% | 28.0% | 81.1% |  37.7 | 0.000821  (14s)
        ★ New best! F1=41.4% FC=37.7mm
  15 |   0.2796 |   0.2714 |  0.00081 | 41.5% | 28.7% | 75.8% |  39.6 | 0.000796  (14s)
        ★ New best! F1=41.5% FC=39.6mm
  16 |   0.2799 |   0.2718 |  0.00081 | 41.3% | 27.6% | 83.6% |  38.0 | 0.000770  (14s)
  17 |   0.2790 |   0.2713 |  0.00077 | 42.2% | 30.7% | 68.7% |  43.7 | 0.000743  (14s)
        ★ New best! F1=42.2% FC=43.7mm
  18 |   0.2774 |   0.2695 |  0.00078 | 42.0% | 28.7% | 79.4% |  39.6 | 0.000716  (13s)
  19 |   0.2771 |   0.2696 |  0.00075 | 42.9% | 29.7% | 78.4% |  43.6 | 0.000687  (14s)
        ★ New best! F1=42.9% FC=43.6mm
  20 |   0.2770 |   0.2697 |  0.00073 | 42.2% | 28.5% | 81.9% |  40.6 | 0.000658  (15s)
  21 |   0.2758 |   0.2684 |  0.00074 | 42.7% | 29.5% | 78.9% |  48.0 | 0.000628  (14s)
  22 |   0.2744 |   0.2670 |  0.00074 | 42.3% | 28.2% | 85.9% |  38.6 | 0.000598  (15s)
  23 |   0.2750 |   0.2678 |  0.00072 | 41.9% | 27.6% | 88.6% |  38.9 | 0.000567  (14s)
  24 |   0.2739 |   0.2667 |  0.00072 | 42.3% | 28.2% | 85.8% |  41.8 | 0.000536  (14s)
  25 |   0.2735 |   0.2666 |  0.00069 | 43.9% | 30.5% | 79.5% |  40.1 | 0.000505  (14s)
        ★ New best! F1=43.9% FC=40.1mm
  26 |   0.2726 |   0.2658 |  0.00068 | 43.5% | 30.0% | 80.4% |  38.9 | 0.000474  (14s)
  27 |   0.2719 |   0.2651 |  0.00069 | 42.1% | 28.6% | 81.3% |  37.8 | 0.000443  (14s)
  28 |   0.2712 |   0.2644 |  0.00068 | 42.4% | 28.2% | 87.2% |  40.4 | 0.000412  (14s)
  29 |   0.2702 |   0.2635 |  0.00067 | 42.0% | 28.0% | 85.5% |  37.8 | 0.000382  (14s)
  30 |   0.2696 |   0.2631 |  0.00065 | 41.9% | 28.0% | 84.5% |  37.4 | 0.000352  (14s)
  31 |   0.2687 |   0.2623 |  0.00064 | 42.8% | 29.0% | 82.8% |  38.4 | 0.000323  (14s)
  32 |   0.2690 |   0.2627 |  0.00063 | 42.8% | 28.8% | 84.4% |  40.2 | 0.000294  (13s)
  33 |   0.2684 |   0.2621 |  0.00062 | 42.7% | 28.8% | 83.8% |  40.8 | 0.000267  (14s)
  34 |   0.2679 |   0.2616 |  0.00064 | 42.9% | 29.2% | 81.7% |  39.0 | 0.000240  (14s)
  35 |   0.2665 |   0.2605 |  0.00060 | 42.9% | 29.1% | 82.9% |  38.4 | 0.000214  (14s)
  36 |   0.2668 |   0.2607 |  0.00060 | 43.4% | 30.0% | 79.9% |  38.4 | 0.000189  (14s)
  37 |   0.2663 |   0.2605 |  0.00059 | 43.3% | 29.3% | 84.3% |  38.2 | 0.000166  (14s)
  38 |   0.2658 |   0.2599 |  0.00059 | 43.1% | 29.0% | 84.7% |  38.5 | 0.000144  (14s)
  39 |   0.2660 |   0.2600 |  0.00059 | 43.3% | 29.5% | 82.7% |  38.0 | 0.000124  (14s)
  40 |   0.2650 |   0.2592 |  0.00058 | 43.2% | 29.2% | 84.7% |  37.3 | 0.000105  (14s)
  41 |   0.2639 |   0.2582 |  0.00057 | 43.1% | 29.2% | 83.2% |  37.9 | 0.000087  (13s)
  42 |   0.2646 |   0.2588 |  0.00057 | 43.3% | 29.6% | 81.8% |  37.7 | 0.000071  (13s)
  43 |   0.2646 |   0.2589 |  0.00057 | 43.1% | 29.2% | 83.3% |  38.3 | 0.000057  (13s)
  44 |   0.2639 |   0.2582 |  0.00057 | 43.5% | 29.8% | 82.0% |  39.0 | 0.000045  (13s)
  45 |   0.2632 |   0.2576 |  0.00056 | 43.3% | 29.4% | 83.3% |  37.7 | 0.000034  (13s)
  46 |   0.2618 |   0.2563 |  0.00055 | 43.2% | 29.4% | 82.9% |  38.9 | 0.000026  (14s)
  47 |   0.2629 |   0.2574 |  0.00055 | 43.3% | 29.4% | 83.0% |  37.8 | 0.000019  (13s)
  48 |   0.2625 |   0.2571 |  0.00054 | 43.2% | 29.4% | 83.3% |  37.8 | 0.000014  (13s)
  49 |   0.2628 |   0.2572 |  0.00056 | 43.3% | 29.4% | 83.5% |  38.1 | 0.000011  (13s)
  50 |   0.2616 |   0.2562 |  0.00054 | 43.1% | 29.2% | 83.4% |  38.3 | 0.001000  (13s)
  51 |   0.2724 |   0.2644 |  0.00079 | 42.6% | 29.8% | 75.9% |  38.5 | 0.000999  (13s)
  52 |   0.2725 |   0.2645 |  0.00079 | 43.4% | 30.1% | 79.7% |  38.8 | 0.000996  (13s)
  53 |   0.2720 |   0.2640 |  0.00080 | 42.3% | 29.0% | 79.9% |  38.8 | 0.000991  (13s)
  54 |   0.2710 |   0.2636 |  0.00074 | 44.7% | 31.5% | 78.0% |  39.4 | 0.000984  (13s)
        ★ New best! F1=44.7% FC=39.4mm
  55 |   0.2716 |   0.2641 |  0.00075 | 43.5% | 29.8% | 81.7% |  39.4 | 0.000976  (13s)
  56 |   0.2706 |   0.2629 |  0.00077 | 40.9% | 26.8% | 87.9% |  40.2 | 0.000965  (13s)
  57 |   0.2702 |   0.2629 |  0.00073 | 43.1% | 28.9% | 86.0% |  37.1 | 0.000953  (13s)
  58 |   0.2701 |   0.2628 |  0.00073 | 42.8% | 29.4% | 80.1% |  46.6 | 0.000939  (13s)
  59 |   0.2705 |   0.2630 |  0.00075 | 43.1% | 29.3% | 83.3% |  38.1 | 0.000923  (13s)
  60 |   0.2693 |   0.2624 |  0.00069 | 43.6% | 29.9% | 82.0% |  43.5 | 0.000905  (13s)
  61 |   0.2688 |   0.2617 |  0.00070 | 41.9% | 27.7% | 87.1% |  39.9 | 0.000886  (13s)
  62 |   0.2683 |   0.2615 |  0.00068 | 42.6% | 28.5% | 86.2% |  40.0 | 0.000866  (13s)
  63 |   0.2672 |   0.2603 |  0.00069 | 43.3% | 29.2% | 85.0% |  39.6 | 0.000844  (13s)
  64 |   0.2677 |   0.2609 |  0.00068 | 42.5% | 28.4% | 85.7% |  38.3 | 0.000821  (13s)
  65 |   0.2661 |   0.2594 |  0.00067 | 42.6% | 29.5% | 77.8% |  38.9 | 0.000796  (13s)
  66 |   0.2667 |   0.2597 |  0.00070 | 42.8% | 28.9% | 83.9% |  42.3 | 0.000770  (13s)
  67 |   0.2649 |   0.2586 |  0.00064 | 44.2% | 30.8% | 79.1% |  39.2 | 0.000743  (13s)
  68 |   0.2650 |   0.2585 |  0.00065 | 43.9% | 30.3% | 81.2% |  38.2 | 0.000716  (13s)
  69 |   0.2648 |   0.2584 |  0.00064 | 43.0% | 29.2% | 82.7% |  39.0 | 0.000687  (13s)
  70 |   0.2633 |   0.2568 |  0.00065 | 42.1% | 28.8% | 79.4% |  39.3 | 0.000658  (13s)
  71 |   0.2629 |   0.2566 |  0.00064 | 43.2% | 29.8% | 79.9% |  39.6 | 0.000628  (13s)
  72 |   0.2641 |   0.2576 |  0.00065 | 43.1% | 29.3% | 82.7% |  39.1 | 0.000598  (13s)
  73 |   0.2620 |   0.2558 |  0.00062 | 43.3% | 29.7% | 81.0% |  39.2 | 0.000567  (13s)
  74 |   0.2621 |   0.2561 |  0.00060 | 42.9% | 29.7% | 78.5% |  38.3 | 0.000536  (13s)
  75 |   0.2620 |   0.2559 |  0.00061 | 43.8% | 30.0% | 82.4% |  38.0 | 0.000505  (13s)
  76 |   0.2615 |   0.2554 |  0.00060 | 43.4% | 29.7% | 82.1% |  39.0 | 0.000474  (13s)
  77 |   0.2610 |   0.2548 |  0.00061 | 43.8% | 30.0% | 82.8% |  38.6 | 0.000443  (13s)
  78 |   0.2600 |   0.2540 |  0.00060 | 43.4% | 30.2% | 78.8% |  39.4 | 0.000412  (13s)
  79 |   0.2598 |   0.2541 |  0.00057 | 44.2% | 31.1% | 78.0% |  39.3 | 0.000382  (13s)
  80 |   0.2594 |   0.2534 |  0.00060 | 43.6% | 30.3% | 79.1% |  40.0 | 0.000352  (13s)
  81 |   0.2586 |   0.2529 |  0.00057 | 42.8% | 28.9% | 83.7% |  38.8 | 0.000323  (13s)
  82 |   0.2582 |   0.2525 |  0.00057 | 43.5% | 30.0% | 80.9% |  39.2 | 0.000294  (13s)
  83 |   0.2577 |   0.2521 |  0.00056 | 43.1% | 29.3% | 82.9% |  38.2 | 0.000267  (13s)
  84 |   0.2575 |   0.2522 |  0.00054 | 43.2% | 29.8% | 79.9% |  38.3 | 0.000240  (13s)
  85 |   0.2571 |   0.2516 |  0.00054 | 42.8% | 29.0% | 82.8% |  38.1 | 0.000214  (13s)
  86 |   0.2571 |   0.2517 |  0.00055 | 43.4% | 29.9% | 80.8% |  38.8 | 0.000189  (13s)
  87 |   0.2559 |   0.2504 |  0.00055 | 44.0% | 30.8% | 77.9% |  38.6 | 0.000166  (13s)
  88 |   0.2559 |   0.2506 |  0.00054 | 43.1% | 29.6% | 80.4% |  38.6 | 0.000144  (13s)
  89 |   0.2554 |   0.2502 |  0.00052 | 43.3% | 29.7% | 81.7% |  37.7 | 0.000124  (13s)
  90 |   0.2556 |   0.2504 |  0.00052 | 43.0% | 29.5% | 80.6% |  38.5 | 0.000105  (13s)
  91 |   0.2549 |   0.2497 |  0.00052 | 43.3% | 29.9% | 80.1% |  38.2 | 0.000087  (13s)
  92 |   0.2551 |   0.2499 |  0.00051 | 43.2% | 29.6% | 80.9% |  38.3 | 0.000071  (13s)
  93 |   0.2547 |   0.2496 |  0.00051 | 43.7% | 30.4% | 79.0% |  37.9 | 0.000057  (13s)
  94 |   0.2544 |   0.2492 |  0.00051 | 43.5% | 30.0% | 80.9% |  37.9 | 0.000045  (13s)
  95 |   0.2554 |   0.2503 |  0.00051 | 43.2% | 29.7% | 80.3% |  38.5 | 0.000034  (13s)
  96 |   0.2545 |   0.2495 |  0.00050 | 43.2% | 29.7% | 80.8% |  38.0 | 0.000026  (13s)
  97 |   0.2538 |   0.2488 |  0.00050 | 43.3% | 29.6% | 82.0% |  38.8 | 0.000019  (13s)
  98 |   0.2538 |   0.2487 |  0.00051 | 43.1% | 29.7% | 80.4% |  38.2 | 0.000014  (13s)
  99 |   0.2543 |   0.2492 |  0.00051 | 43.6% | 30.2% | 79.4% |  38.3 | 0.000011  (13s)
 100 |   0.2544 |   0.2493 |  0.00050 | 43.2% | 29.5% | 81.8% |  38.6 | 0.001000  (13s)
 101 |   0.2611 |   0.2543 |  0.00068 | 41.3% | 27.9% | 81.4% |  42.1 | 0.000999  (13s)
 102 |   0.2630 |   0.2561 |  0.00069 | 44.2% | 31.2% | 77.0% |  38.6 | 0.000996  (13s)
 103 |   0.2625 |   0.2560 |  0.00065 | 42.6% | 28.8% | 83.6% |  38.1 | 0.000991  (13s)
 104 |   0.2635 |   0.2565 |  0.00070 | 44.2% | 30.8% | 79.3% |  38.0 | 0.000984  (13s)
 105 |   0.2617 |   0.2555 |  0.00062 | 43.2% | 29.7% | 80.5% |  39.3 | 0.000976  (13s)
 106 |   0.2617 |   0.2553 |  0.00064 | 43.3% | 29.9% | 80.1% |  38.7 | 0.000965  (13s)
 107 |   0.2621 |   0.2557 |  0.00064 | 44.0% | 30.3% | 81.1% |  41.9 | 0.000953  (13s)
 108 |   0.2612 |   0.2548 |  0.00065 | 43.1% | 29.4% | 81.6% |  38.8 | 0.000939  (13s)
 109 |   0.2608 |   0.2543 |  0.00065 | 43.1% | 29.5% | 81.6% |  38.4 | 0.000923  (13s)
 110 |   0.2591 |   0.2531 |  0.00061 | 42.4% | 28.6% | 83.7% |  39.6 | 0.000905  (13s)
 111 |   0.2606 |   0.2543 |  0.00063 | 43.3% | 29.5% | 82.3% |  39.5 | 0.000886  (13s)
 112 |   0.2593 |   0.2535 |  0.00058 | 44.3% | 31.2% | 77.3% |  40.4 | 0.000866  (13s)
 113 |   0.2600 |   0.2538 |  0.00061 | 42.8% | 28.9% | 84.2% |  39.9 | 0.000844  (13s)
 114 |   0.2585 |   0.2524 |  0.00061 | 43.7% | 30.1% | 81.0% |  39.3 | 0.000821  (13s)
 115 |   0.2588 |   0.2527 |  0.00060 | 42.7% | 29.7% | 76.9% |  39.3 | 0.000796  (13s)
 116 |   0.2581 |   0.2524 |  0.00057 | 42.5% | 28.8% | 82.4% |  37.5 | 0.000770  (13s)
 117 |   0.2575 |   0.2517 |  0.00058 | 42.2% | 28.7% | 81.1% |  39.1 | 0.000743  (13s)
 118 |   0.2570 |   0.2512 |  0.00058 | 42.7% | 29.3% | 79.9% |  38.7 | 0.000716  (13s)
 119 |   0.2571 |   0.2513 |  0.00058 | 43.0% | 29.6% | 79.7% |  37.4 | 0.000687  (13s)
 120 |   0.2576 |   0.2519 |  0.00056 | 43.3% | 29.9% | 79.3% |  37.9 | 0.000658  (13s)
 121 |   0.2564 |   0.2509 |  0.00055 | 43.1% | 29.3% | 83.3% |  41.7 | 0.000628  (13s)
 122 |   0.2567 |   0.2510 |  0.00057 | 43.3% | 30.0% | 78.9% |  38.2 | 0.000598  (12s)
